1	producer	HitEvent	10881	1
334	producer	HitEvent	862	1
667	producer	HitEvent	225	1
1001	producer	HitEvent	57	1
1334	producer	HitEvent	49	1
1667	producer	HitEvent	9651	1
2001	producer	HitEvent	2	1
2334	producer	HitEvent	661	1
2667	producer	HitEvent	47855	1
3001	producer	HitEvent	1088	1
3334	producer	HitEvent	11617	1
3667	producer	HitEvent	485	1
4001	producer	HitEvent	11	1
4334	producer	HitEvent	13878	1
4667	producer	HitEvent	1	1
5001	producer	HitEvent	14218	1
5334	producer	HitEvent	50804	1
5667	producer	HitEvent	13659	1
5999	consumer	HitEvent	1	0
6334	producer	HitEvent	282	1
6667	producer	HitEvent	8	1
7001	producer	HitEvent	35	1
7334	producer	HitEvent	53	1
7667	producer	HitEvent	46	1
8001	producer	HitEvent	60558	1
8334	producer	HitEvent	205	1
8667	producer	HitEvent	40	1
9001	producer	HitEvent	22	1
9334	producer	HitEvent	38966	1
9667	producer	HitEvent	2681	1
10001	producer	HitEvent	171	1
10334	producer	HitEvent	21	1
10667	producer	HitEvent	146	1
10999	consumer	HitEvent	2	0
11334	producer	HitEvent	5502	1
11666	consumer	HitEvent	1	0
12001	producer	HitEvent	624	1
12334	producer	HitEvent	4998	1
12667	producer	HitEvent	696	1
13001	producer	HitEvent	305	1
13334	producer	HitEvent	5	1
13666	consumer	HitEvent	35	0
14001	producer	HitEvent	21546	1
14334	producer	HitEvent	4	1
14667	producer	HitEvent	50	1
15001	producer	HitEvent	55	1
15334	producer	HitEvent	3293	1
15667	producer	HitEvent	14	1
16001	producer	HitEvent	1599	1
16334	producer	HitEvent	18	1
16667	producer	HitEvent	392	1
16999	consumer	HitEvent	50	0
17334	producer	HitEvent	636	1
17667	producer	HitEvent	162	1
17999	consumer	HitEvent	4	0
18334	producer	HitEvent	3	1
18667	producer	HitEvent	10683	1
19001	producer	HitEvent	1203	1
19334	producer	HitEvent	79	1
19667	producer	HitEvent	1064	1
20001	producer	HitEvent	338	1
20333	consumer	HitEvent	1	0
20666	consumer	HitEvent	1	0
21001	producer	HitEvent	160	1
21334	producer	HitEvent	440	1
21667	producer	HitEvent	3161	1
22001	producer	HitEvent	63762	1
22333	consumer	HitEvent	11	0
22666	consumer	HitEvent	5	0
23001	producer	HitEvent	95702	1
23334	producer	HitEvent	3494	1
23667	producer	HitEvent	17917	1
24001	producer	HitEvent	5137	1
24334	producer	HitEvent	37230	1
24667	producer	HitEvent	561	1
25001	producer	HitEvent	301	1
25334	producer	HitEvent	1343	1
25667	producer	HitEvent	34139	1
26001	producer	HitEvent	75	1
26333	consumer	HitEvent	14	0
26667	producer	HitEvent	2018	1
27001	producer	HitEvent	129	1
27334	producer	HitEvent	1864	1
27667	producer	HitEvent	41384	1
28001	producer	HitEvent	117	1
28334	producer	HitEvent	17175	1
28666	consumer	HitEvent	1	0
29001	producer	HitEvent	97967	1
29334	producer	HitEvent	55092	1
29667	producer	HitEvent	2861	1
30001	producer	HitEvent	405	1
30334	producer	HitEvent	31	1
30667	producer	HitEvent	14769	1
30999	consumer	HitEvent	4	0
31333	consumer	HitEvent	1	0
31666	consumer	HitEvent	14	0
32001	producer	HitEvent	19868	1
32334	producer	HitEvent	154	1
32667	producer	HitEvent	1061	1
33001	producer	HitEvent	135	1
33333	consumer	HitEvent	1	0
33667	producer	HitEvent	4625	1
34001	producer	HitEvent	91250	1
34333	consumer	HitEvent	1	0
34667	producer	HitEvent	2344	1
35001	producer	HitEvent	16771	1
35334	producer	HitEvent	829	1
35667	producer	HitEvent	3275	1
35999	consumer	HitEvent	1	0
36333	consumer	HitEvent	1	0
36666	consumer	HitEvent	40	0
36999	consumer	HitEvent	1	0
37334	producer	HitEvent	270	1
37667	producer	HitEvent	16	1
37999	consumer	HitEvent	4	0
38334	producer	HitEvent	15302	1
38667	producer	HitEvent	1359	1
39001	producer	HitEvent	49975	1
39333	consumer	HitEvent	2	0
39667	producer	HitEvent	2403	1
40001	producer	HitEvent	111	1
40334	producer	HitEvent	12	1
40666	consumer	HitEvent	1	0
40999	consumer	HitEvent	2	0
41334	producer	HitEvent	15285	1
41667	producer	HitEvent	59429	1
42001	producer	HitEvent	834	1
42334	producer	HitEvent	28449	1
42667	producer	HitEvent	45087	1
42999	consumer	HitEvent	270	0
43334	producer	HitEvent	4201	1
43667	producer	HitEvent	26	1
43999	consumer	HitEvent	2	0
44334	producer	HitEvent	26617	1
44666	consumer	HitEvent	1	0
45001	producer	HitEvent	4124	1
45334	producer	HitEvent	107	1
45667	producer	HitEvent	53286	1
46001	producer	HitEvent	60001	1
46334	producer	HitEvent	9823	1
46667	producer	HitEvent	33	1
47001	producer	HitEvent	5444	1
47334	producer	HitEvent	6	1
47667	producer	HitEvent	90262	1
48001	producer	HitEvent	40964	1
48333	consumer	HitEvent	5	0
48666	consumer	HitEvent	4	0
49001	producer	HitEvent	4690	1
49334	producer	HitEvent	324	1
49667	producer	HitEvent	163	1
50001	producer	HitEvent	43287	1
50334	producer	HitEvent	141	1
50667	producer	HitEvent	17591	1
50999	consumer	HitEvent	5	0
51334	producer	HitEvent	200	1
51667	producer	HitEvent	22959	1
52001	producer	HitEvent	13	1
52334	producer	HitEvent	1676	1
52667	producer	HitEvent	85	1
53001	producer	HitEvent	47	1
53334	producer	HitEvent	189	1
53667	producer	HitEvent	272	1
54001	producer	HitEvent	4729	1
54333	consumer	HitEvent	35	0
54667	producer	HitEvent	70118	1
55001	producer	HitEvent	40908	1
55334	producer	HitEvent	380	1
55667	producer	HitEvent	5858	1
56001	producer	HitEvent	622	1
56334	producer	HitEvent	417	1
56666	consumer	HitEvent	6	0
57001	producer	HitEvent	183	1
57333	consumer	HitEvent	834	0
57667	producer	HitEvent	6902	1
57999	consumer	HitEvent	4	0
58334	producer	HitEvent	2040	1
58667	producer	HitEvent	545	1
59001	producer	HitEvent	29143	1
59333	consumer	HitEvent	2	0
59667	producer	HitEvent	24408	1
60001	producer	HitEvent	9	1
60334	producer	HitEvent	151	1
60667	producer	HitEvent	35057	1
60999	consumer	HitEvent	4	0
61334	producer	HitEvent	187	1
61666	consumer	HitEvent	4	0
62001	producer	HitEvent	25	1
62334	producer	HitEvent	3	1
62667	producer	HitEvent	729	1
63001	producer	HitEvent	3161	1
63334	producer	HitEvent	8	1
63667	producer	HitEvent	28233	1
64001	producer	HitEvent	14697	1
64333	consumer	HitEvent	1	0
64667	producer	HitEvent	29	1
64999	consumer	HitEvent	1	0
65334	producer	HitEvent	32768	1
65667	producer	HitEvent	6138	1
65999	consumer	HitEvent	6	0
66334	producer	HitEvent	168	1
66667	producer	HitEvent	1497	1
66999	consumer	HitEvent	1	0
67334	producer	HitEvent	52773	1
67666	consumer	HitEvent	13	0
68001	producer	HitEvent	606	1
68334	producer	HitEvent	19	1
68667	producer	HitEvent	137	1
69001	producer	HitEvent	3359	1
69334	producer	HitEvent	35134	1
69667	producer	HitEvent	55	1
69999	consumer	HitEvent	2	0
70334	producer	HitEvent	203	1
70667	producer	HitEvent	519	1
71001	producer	HitEvent	152	1
71334	producer	HitEvent	3453	1
71667	producer	HitEvent	11472	1
71999	consumer	HitEvent	2	0
72334	producer	HitEvent	192	1
72667	producer	HitEvent	7165	1
73001	producer	HitEvent	1840	1
73334	producer	HitEvent	49	1
73667	producer	HitEvent	1503	1
74001	producer	HitEvent	36	1
74333	consumer	HitEvent	2	0
74666	consumer	HitEvent	8	0
74999	consumer	HitEvent	3	0
75334	producer	HitEvent	95	1
75667	producer	HitEvent	78899	1
75999	consumer	HitEvent	5	0
76334	producer	HitEvent	22	1
76666	consumer	HitEvent	4	0
76999	consumer	HitEvent	1	0
77333	consumer	HitEvent	2	0
77666	consumer	HitEvent	4	0
78001	producer	HitEvent	923	1
78334	producer	HitEvent	18	1
78667	producer	HitEvent	156	1
79001	producer	HitEvent	11563	1
79333	consumer	HitEvent	8	0
79667	producer	HitEvent	4557	1
80001	producer	HitEvent	66389	1
80334	producer	HitEvent	188	1
80666	consumer	HitEvent	49	0
81001	producer	HitEvent	2105	1
81333	consumer	HitEvent	4	0
81667	producer	HitEvent	69	1
82001	producer	HitEvent	7	1
82333	consumer	HitEvent	85	0
82666	consumer	HitEvent	6	0
83001	producer	HitEvent	707	1
83334	producer	HitEvent	231	1
83666	consumer	HitEvent	1	0
84001	producer	HitEvent	33827	1
84334	producer	HitEvent	425	1
84667	producer	HitEvent	42842	1
85001	producer	HitEvent	90	1
85334	producer	HitEvent	39	1
85667	producer	HitEvent	1498	1
86001	producer	HitEvent	375	1
86334	producer	HitEvent	301	1
86667	producer	HitEvent	73	1
87001	producer	HitEvent	15	1
87334	producer	HitEvent	219	1
87667	producer	HitEvent	9034	1
88001	producer	HitEvent	2010	1
88334	producer	HitEvent	4850	1
88667	producer	HitEvent	18751	1
89001	producer	HitEvent	10	1
89333	consumer	HitEvent	55	0
89666	consumer	HitEvent	4	0
90001	producer	HitEvent	946	1
90334	producer	HitEvent	82117	1
90666	consumer	HitEvent	5	0
91001	producer	HitEvent	68	1
91334	producer	HitEvent	14	1
91666	consumer	HitEvent	47	0
92001	producer	HitEvent	3063	1
92334	producer	HitEvent	64095	1
92667	producer	HitEvent	6564	1
93001	producer	HitEvent	126	1
93334	producer	HitEvent	3331	1
93667	producer	HitEvent	4405	1
94001	producer	HitEvent	138	1
94334	producer	HitEvent	55226	1
94667	producer	HitEvent	16	1
95001	producer	HitEvent	4853	1
95333	consumer	HitEvent	5	0
95667	producer	HitEvent	3549	1
96001	producer	HitEvent	17	1
96333	consumer	HitEvent	85	0
96667	producer	HitEvent	3530	1
97001	producer	HitEvent	3973	1
97334	producer	HitEvent	445	1
97667	producer	HitEvent	95233	1
98001	producer	HitEvent	24949	1
98334	producer	HitEvent	4757	1
98667	producer	HitEvent	21103	1
99001	producer	HitEvent	48	1
99334	producer	HitEvent	3611	1
99667	producer	HitEvent	1804	1
100001	producer	HitEvent	118	1
100334	producer	HitEvent	14793	1
100667	producer	HitEvent	5851	1
100999	consumer	HitEvent	2	0
101334	producer	HitEvent	2315	1
101666	consumer	HitEvent	3	0
101999	consumer	HitEvent	2	0
102333	consumer	HitEvent	4	0
102667	producer	HitEvent	497	1
103001	producer	HitEvent	125	1
103333	consumer	HitEvent	1	0
103667	producer	HitEvent	11343	1
104001	producer	HitEvent	6403	1
104334	producer	HitEvent	31333	1
104667	producer	HitEvent	101	1
105001	producer	HitEvent	57	1
105333	consumer	HitEvent	1	0
105666	consumer	HitEvent	2	0
106001	producer	HitEvent	308	1
106334	producer	HitEvent	31986	1
106667	producer	HitEvent	7571	1
107001	producer	HitEvent	40512	1
107334	producer	HitEvent	87	1
107667	producer	HitEvent	722	1
108001	producer	HitEvent	2246	1
108334	producer	HitEvent	3230	1
108666	consumer	HitEvent	2	0
108999	consumer	HitEvent	1	0
109333	consumer	HitEvent	1	0
109667	producer	HitEvent	9	1
109999	consumer	HitEvent	5	0
110334	producer	HitEvent	29240	1
110667	producer	HitEvent	19744	1
111001	producer	HitEvent	36871	1
111334	producer	HitEvent	196	1
111667	producer	HitEvent	13709	1
112001	producer	HitEvent	968	1
112333	consumer	HitEvent	1	0
112667	producer	HitEvent	3669	1
112999	consumer	HitEvent	1	0
113333	consumer	HitEvent	18	0
113666	consumer	HitEvent	1	0
114001	producer	HitEvent	3081	1
114333	consumer	HitEvent	14	0
114667	producer	HitEvent	17783	1
115001	producer	HitEvent	59606	1
115334	producer	HitEvent	1230	1
115666	consumer	HitEvent	2	0
115999	consumer	HitEvent	1	0
116333	consumer	HitEvent	1	0
116667	producer	HitEvent	79313	1
117001	producer	HitEvent	89410	1
117334	producer	HitEvent	216	1
117667	producer	HitEvent	8154	1
118001	producer	HitEvent	1116	1
118334	producer	HitEvent	275	1
118666	consumer	HitEvent	10	0
118999	consumer	HitEvent	1	0
119334	producer	HitEvent	29245	1
119667	producer	HitEvent	7018	1
120001	producer	HitEvent	12477	1
120333	consumer	HitEvent	1	0
120667	producer	HitEvent	71570	1
120999	consumer	HitEvent	1	0
121334	producer	HitEvent	5968	1
121667	producer	HitEvent	50932	1
122001	producer	HitEvent	97	1
122334	producer	HitEvent	414	1
122667	producer	HitEvent	11370	1
123001	producer	HitEvent	111	1
123333	consumer	HitEvent	138	0
123666	consumer	HitEvent	1	0
123999	consumer	HitEvent	5	0
124334	producer	HitEvent	6323	1
124666	consumer	HitEvent	1	0
124999	consumer	HitEvent	9	0
125334	producer	HitEvent	769	1
125666	consumer	HitEvent	2	0
126001	producer	HitEvent	46527	1
126334	producer	HitEvent	129	1
126666	consumer	HitEvent	2	0
127001	producer	HitEvent	349	1
127334	producer	HitEvent	1021	1
127667	producer	HitEvent	13982	1
128001	producer	HitEvent	54	1
128333	consumer	HitEvent	1	0
128667	producer	HitEvent	18772	1
129001	producer	HitEvent	3454	1
129333	consumer	HitEvent	3	0
129667	producer	HitEvent	315	1
130001	producer	HitEvent	5484	1
130333	consumer	HitEvent	1	0
130667	producer	HitEvent	104	1
131001	producer	HitEvent	1424	1
131334	producer	HitEvent	9192	1
131667	producer	HitEvent	704	1
132001	producer	HitEvent	167	1
132334	producer	HitEvent	39546	1
132667	producer	HitEvent	21	1
133001	producer	HitEvent	95168	1
133334	producer	HitEvent	16743	1
133667	producer	HitEvent	1963	1
134001	producer	HitEvent	420	1
134334	producer	HitEvent	1617	1
134667	producer	HitEvent	1051	1
134999	consumer	HitEvent	97	0
135334	producer	HitEvent	37	1
135666	consumer	HitEvent	14	0
135999	consumer	HitEvent	4	0
136334	producer	HitEvent	122	1
136667	producer	HitEvent	8837	1
137001	producer	HitEvent	44	1
137334	producer	HitEvent	40010	1
137666	consumer	HitEvent	1	0
138001	producer	HitEvent	95	1
138334	producer	HitEvent	50412	1
138667	producer	HitEvent	4525	1
139001	producer	HitEvent	18508	1
139334	producer	HitEvent	20000	1
139666	consumer	HitEvent	2	0
140001	producer	HitEvent	17883	1
140334	producer	HitEvent	3776	1
140667	producer	HitEvent	8	1
140999	consumer	HitEvent	5	0
141334	producer	HitEvent	8377	1
141667	producer	HitEvent	2065	1
141999	consumer	HitEvent	1	0
142334	producer	HitEvent	609	1
142667	producer	HitEvent	1140	1
143001	producer	HitEvent	4782	1
143334	producer	HitEvent	1990	1
143667	producer	HitEvent	22	1
143999	consumer	HitEvent	9	0
144333	consumer	HitEvent	3	0
144667	producer	HitEvent	11	1
144999	consumer	HitEvent	1	0
145333	consumer	HitEvent	1	0
145667	producer	HitEvent	1146	1
146001	producer	HitEvent	1818	1
146333	consumer	HitEvent	2	0
146667	producer	HitEvent	2236	1
147001	producer	HitEvent	141	1
147334	producer	HitEvent	71752	1
147667	producer	HitEvent	11375	1
147999	consumer	HitEvent	1	0
148334	producer	HitEvent	84579	1
148666	consumer	HitEvent	10	0
149001	producer	HitEvent	34	1
149334	producer	HitEvent	115	1
149667	producer	HitEvent	534	1
150001	producer	HitEvent	400	1
150334	producer	HitEvent	85461	1
150667	producer	HitEvent	75	1
150999	consumer	HitEvent	2	0
151334	producer	HitEvent	96986	1
151666	consumer	HitEvent	9	0
152001	producer	HitEvent	881	1
152334	producer	HitEvent	81160	1
152667	producer	HitEvent	15884	1
153001	producer	HitEvent	30	1
153334	producer	HitEvent	64	1
153666	consumer	HitEvent	3	0
153999	consumer	HitEvent	3	0
154334	producer	HitEvent	108	1
154666	consumer	HitEvent	14	0
155001	producer	HitEvent	1722	1
155334	producer	HitEvent	99	1
155667	producer	HitEvent	5320	1
156001	producer	HitEvent	283	1
156334	producer	HitEvent	48	1
156666	consumer	HitEvent	3	0
157001	producer	HitEvent	1032	1
157334	producer	HitEvent	33	1
157667	producer	HitEvent	33019	1
158001	producer	HitEvent	39	1
158334	producer	HitEvent	38	1
158667	producer	HitEvent	5487	1
159001	producer	HitEvent	521	1
159333	consumer	HitEvent	21	0
159666	consumer	HitEvent	14	0
159999	consumer	HitEvent	1	0
160334	producer	HitEvent	94	1
160667	producer	HitEvent	251	1
160999	consumer	HitEvent	2	0
161334	producer	HitEvent	9906	1
161667	producer	HitEvent	1482	1
162001	producer	HitEvent	1973	1
162333	consumer	HitEvent	37	0
162667	producer	HitEvent	1245	1
163001	producer	HitEvent	1665	1
163334	producer	HitEvent	2945	1
163666	consumer	HitEvent	38	0
164001	producer	HitEvent	73	1
164333	consumer	HitEvent	73	0
164667	producer	HitEvent	4414	1
165001	producer	HitEvent	70754	1
165334	producer	HitEvent	88546	1
165667	producer	HitEvent	682	1
165999	consumer	HitEvent	1	0
166334	producer	HitEvent	121	1
166667	producer	HitEvent	6	1
167001	producer	HitEvent	61537	1
167334	producer	HitEvent	36102	1
167667	producer	HitEvent	33785	1
167999	consumer	HitEvent	4	0
168334	producer	HitEvent	88	1
168667	producer	HitEvent	63889	1
169001	producer	HitEvent	1025	1
169334	producer	HitEvent	143	1
169667	producer	HitEvent	82	1
170001	producer	HitEvent	81	1
170334	producer	HitEvent	1211	1
170666	consumer	HitEvent	1	0
170999	consumer	HitEvent	22	0
171334	producer	HitEvent	29	1
171667	producer	HitEvent	107	1
172001	producer	HitEvent	6709	1
172334	producer	HitEvent	261	1
172667	producer	HitEvent	25326	1
172999	consumer	HitEvent	4	0
173333	consumer	HitEvent	5	0
173667	producer	HitEvent	2908	1
174001	producer	HitEvent	1747	1
174334	producer	HitEvent	7226	1
174667	producer	HitEvent	7660	1
175001	producer	HitEvent	74109	1
175333	consumer	HitEvent	29	0
175666	consumer	HitEvent	1	0
175999	consumer	HitEvent	1	0
176334	producer	HitEvent	1896	1
176667	producer	HitEvent	12	1
177001	producer	HitEvent	101	1
177333	consumer	HitEvent	3	0
177666	consumer	HitEvent	2	0
177999	consumer	HitEvent	141	0
178334	producer	HitEvent	658	1
178667	producer	HitEvent	328	1
179001	producer	HitEvent	19	1
179334	producer	HitEvent	109	1
179667	producer	HitEvent	7472	1
180001	producer	HitEvent	5421	1
180333	consumer	HitEvent	6	0
180667	producer	HitEvent	8546	1
180999	consumer	HitEvent	1	0
181334	producer	HitEvent	18290	1
181667	producer	HitEvent	8207	1
181999	consumer	HitEvent	6	0
182333	consumer	HitEvent	2	0
182666	consumer	HitEvent	2	0
182999	consumer	HitEvent	3	0
183334	producer	HitEvent	37389	1
183666	consumer	HitEvent	88	0
184001	producer	HitEvent	580	1
184334	producer	HitEvent	1368	1
184667	producer	HitEvent	418	1
185001	producer	HitEvent	8684	1
185333	consumer	HitEvent	1	0
185667	producer	HitEvent	21099	1
186001	producer	HitEvent	2390	1
186334	producer	HitEvent	48316	1
186666	consumer	HitEvent	4	0
187001	producer	HitEvent	10553	1
187334	producer	HitEvent	32	1
187667	producer	HitEvent	439	1
187999	consumer	HitEvent	1	0
188334	producer	HitEvent	409	1
188666	consumer	HitEvent	4	0
188999	consumer	HitEvent	5	0
189333	consumer	HitEvent	1	0
189667	producer	HitEvent	5349	1
190001	producer	HitEvent	12602	1
190333	consumer	HitEvent	1	0
190667	producer	HitEvent	13636	1
191001	producer	HitEvent	359	1
191334	producer	HitEvent	1287	1
191667	producer	HitEvent	1435	1
191999	consumer	HitEvent	5	0
192334	producer	HitEvent	54546	1
192667	producer	HitEvent	24	1
193001	producer	HitEvent	36354	1
193334	producer	HitEvent	1979	1
193667	producer	HitEvent	226	1
194001	producer	HitEvent	31138	1
194334	producer	HitEvent	303	1
194667	producer	HitEvent	18929	1
195001	producer	HitEvent	258	1
195333	consumer	HitEvent	1	0
195666	consumer	HitEvent	6	0
196001	producer	HitEvent	19081	1
196334	producer	HitEvent	1340	1
196667	producer	HitEvent	597	1
197001	producer	HitEvent	78399	1
197333	consumer	HitEvent	1	0
197667	producer	HitEvent	181	1
198001	producer	HitEvent	21133	1
198334	producer	HitEvent	6813	1
198667	producer	HitEvent	2636	1
198999	consumer	HitEvent	4	0
199334	producer	HitEvent	5775	1
199667	producer	HitEvent	2783	1
199999	consumer	HitEvent	19	0
200333	consumer	HitEvent	1	0
200666	consumer	HitEvent	1	0
201001	producer	HitEvent	44	1
201334	producer	HitEvent	377	1
201667	producer	HitEvent	566	1
202001	producer	HitEvent	2084	1
202334	producer	HitEvent	45	1
202667	producer	HitEvent	67	1
203001	producer	HitEvent	411	1
203334	producer	HitEvent	28	1
203667	producer	HitEvent	26769	1
204001	producer	HitEvent	3582	1
204334	producer	HitEvent	573	1
204667	producer	HitEvent	4507	1
205001	producer	HitEvent	31291	1
205333	consumer	HitEvent	1	0
205667	producer	HitEvent	98	1
205999	consumer	HitEvent	2	0
206333	consumer	HitEvent	1	0
206666	consumer	HitEvent	4	0
206999	consumer	HitEvent	73	0
207334	producer	HitEvent	321	1
207667	producer	HitEvent	20418	1
208001	producer	HitEvent	1692	1
208333	consumer	HitEvent	2	0
208667	producer	HitEvent	4034	1
209001	producer	HitEvent	4377	1
209334	producer	HitEvent	16583	1
209666	consumer	HitEvent	1	0
210001	producer	HitEvent	1215	1
210333	consumer	HitEvent	4	0
210667	producer	HitEvent	190	1
211001	producer	HitEvent	76	1
211334	producer	HitEvent	39650	1
211667	producer	HitEvent	1531	1
211999	consumer	HitEvent	3	0
212334	producer	HitEvent	5922	1
212666	consumer	HitEvent	109	0
212999	consumer	HitEvent	107	0
213333	consumer	HitEvent	1	0
213667	producer	HitEvent	132	1
214001	producer	HitEvent	1481	1
214334	producer	HitEvent	48857	1
214666	consumer	HitEvent	1	0
215001	producer	HitEvent	33	1
215334	producer	HitEvent	702	1
215666	consumer	HitEvent	1	0
216001	producer	HitEvent	1036	1
216334	producer	HitEvent	27	1
216666	consumer	HitEvent	2	0
216999	consumer	HitEvent	1	0
217334	producer	HitEvent	23	1
217667	producer	HitEvent	7	1
217999	consumer	HitEvent	4	0
218333	consumer	HitEvent	3	0
218667	producer	HitEvent	57	1
219001	producer	HitEvent	165	1
219334	producer	HitEvent	62411	1
219666	consumer	HitEvent	1	0
220001	producer	HitEvent	72	1
220333	consumer	HitEvent	1	0
220667	producer	HitEvent	342	1
221001	producer	HitEvent	3928	1
221333	consumer	HitEvent	2	0
221667	producer	HitEvent	93	1
222001	producer	HitEvent	40573	1
222334	producer	HitEvent	341	1
222667	producer	HitEvent	12597	1
223001	producer	HitEvent	1545	1
223333	consumer	HitEvent	2	0
223666	consumer	HitEvent	3	0
224001	producer	HitEvent	1005	1
224333	consumer	HitEvent	3	0
224667	producer	HitEvent	703	1
224999	consumer	HitEvent	4	0
225334	producer	HitEvent	8	1
225666	consumer	HitEvent	1	0
226001	producer	HitEvent	32290	1
226334	producer	HitEvent	2453	1
226667	producer	HitEvent	46	1
226999	consumer	HitEvent	6	0
227334	producer	HitEvent	383	1
227666	consumer	HitEvent	88	0
227999	consumer	HitEvent	3	0
228334	producer	HitEvent	4816	1
228667	producer	HitEvent	84547	1
229001	producer	HitEvent	27460	1
229334	producer	HitEvent	13	1
229667	producer	HitEvent	38	1
230001	producer	HitEvent	1240	1
230334	producer	HitEvent	20	1
230666	consumer	HitEvent	2	0
231001	producer	HitEvent	2439	1
231334	producer	HitEvent	71	1
231666	consumer	HitEvent	1	0
231999	consumer	HitEvent	341	0
232334	producer	HitEvent	15	1
232667	producer	HitEvent	5404	1
233001	producer	HitEvent	2012	1
233334	producer	HitEvent	126	1
233666	consumer	HitEvent	6	0
234001	producer	HitEvent	97	1
234333	consumer	HitEvent	13	0
234666	consumer	HitEvent	1	0
235001	producer	HitEvent	12974	1
235334	producer	HitEvent	27817	1
235667	producer	HitEvent	12618	1
236001	producer	HitEvent	14	1
236334	producer	HitEvent	63055	1
236667	producer	HitEvent	1755	1
236999	consumer	HitEvent	3	0
237334	producer	HitEvent	666	1
237667	producer	HitEvent	233	1
238001	producer	HitEvent	23758	1
238334	producer	HitEvent	55	1
238667	producer	HitEvent	192	1
238999	consumer	HitEvent	28	0
239334	producer	HitEvent	7740	1
239667	producer	HitEvent	9484	1
240001	producer	HitEvent	17844	1
240333	consumer	HitEvent	8	0
240666	consumer	HitEvent	2	0
240999	consumer	HitEvent	1	0
241334	producer	HitEvent	392	1
241667	producer	HitEvent	4294	1
242001	producer	HitEvent	133	1
242334	producer	HitEvent	77058	1
242667	producer	HitEvent	9	1
243001	producer	HitEvent	13553	1
243334	producer	HitEvent	20111	1
243667	producer	HitEvent	39241	1
243999	consumer	HitEvent	67	0
244334	producer	HitEvent	6432	1
244667	producer	HitEvent	5	1
245001	producer	HitEvent	4387	1
245334	producer	HitEvent	11	1
245667	producer	HitEvent	10119	1
245999	consumer	HitEvent	3	0
246334	producer	HitEvent	21120	1
246667	producer	HitEvent	6802	1
247001	producer	HitEvent	34	1
247334	producer	HitEvent	17475	1
247666	consumer	HitEvent	9	0
248001	producer	HitEvent	6319	1
248333	consumer	HitEvent	2	0
248667	producer	HitEvent	51	1
249001	producer	HitEvent	279	1
249333	consumer	HitEvent	2	0
249667	producer	HitEvent	18718	1
250001	producer	HitEvent	153	1
250333	consumer	HitEvent	1	0
250666	consumer	HitEvent	4	0
251001	producer	HitEvent	10	1
251334	producer	HitEvent	98932	1
251667	producer	HitEvent	994	1
252001	producer	HitEvent	19	1
252334	producer	HitEvent	222	1
252667	producer	HitEvent	220	1
253001	producer	HitEvent	59	1
253334	producer	HitEvent	42107	1
253667	producer	HitEvent	26602	1
253999	consumer	HitEvent	1	0
254333	consumer	HitEvent	7	0
254666	consumer	HitEvent	5	0
255001	producer	HitEvent	415	1
255333	consumer	HitEvent	46	0
255666	consumer	HitEvent	2	0
256001	producer	HitEvent	1038	1
256334	producer	HitEvent	128	1
256667	producer	HitEvent	22	1
256999	consumer	HitEvent	9	0
257334	producer	HitEvent	6260	1
257666	consumer	HitEvent	4	0
258001	producer	HitEvent	2295	1
258334	producer	HitEvent	6960	1
258667	producer	HitEvent	996	1
258999	consumer	HitEvent	3	0
259334	producer	HitEvent	5387	1
259666	consumer	HitEvent	19	0
260001	producer	HitEvent	2366	1
260334	producer	HitEvent	1017	1
260667	producer	HitEvent	113	1
260999	consumer	HitEvent	1	0
261334	producer	HitEvent	14464	1
261667	producer	HitEvent	2065	1
262001	producer	HitEvent	1297	1
262333	consumer	HitEvent	8	0
262667	producer	HitEvent	15904	1
263001	producer	HitEvent	433	1
263334	producer	HitEvent	14939	1
263667	producer	HitEvent	3491	1
264001	producer	HitEvent	12	1
264334	producer	HitEvent	627	1
264666	consumer	HitEvent	12	0
265001	producer	HitEvent	85	1
265334	producer	HitEvent	7839	1
265667	producer	HitEvent	50636	1
265999	consumer	HitEvent	6	0
266334	producer	HitEvent	90591	1
266667	producer	HitEvent	124	1
266999	consumer	HitEvent	3	0
267333	consumer	HitEvent	4	0
267667	producer	HitEvent	4986	1
268001	producer	HitEvent	1467	1
268334	producer	HitEvent	23	1
268666	consumer	HitEvent	2	0
268999	consumer	HitEvent	2	0
269334	producer	HitEvent	204	1
269667	producer	HitEvent	3097	1
270001	producer	HitEvent	12070	1
270334	producer	HitEvent	6197	1
270666	consumer	HitEvent	1	0
271001	producer	HitEvent	4836	1
271333	consumer	HitEvent	2	0
271667	producer	HitEvent	50208	1
272001	producer	HitEvent	114	1
272334	producer	HitEvent	3752	1
272667	producer	HitEvent	185	1
273001	producer	HitEvent	34601	1
273334	producer	HitEvent	43426	1
273666	consumer	HitEvent	2	0
273999	consumer	HitEvent	4	0
274334	producer	HitEvent	1597	1
274666	consumer	HitEvent	2	0
275001	producer	HitEvent	1025	1
275333	consumer	HitEvent	8	0
275667	producer	HitEvent	14142	1
275999	consumer	HitEvent	2	0
276333	consumer	HitEvent	7	0
276667	producer	HitEvent	6472	1
277001	producer	HitEvent	1572	1
277333	consumer	HitEvent	4	0
277667	producer	HitEvent	329	1
278001	producer	HitEvent	369	1
278334	producer	HitEvent	48	1
278667	producer	HitEvent	32093	1
279001	producer	HitEvent	85190	1
279334	producer	HitEvent	6344	1
279667	producer	HitEvent	44848	1
280001	producer	HitEvent	13920	1
280333	consumer	HitEvent	2	0
280667	producer	HitEvent	1250	1
281001	producer	HitEvent	161	1
281334	producer	HitEvent	67376	1
281667	producer	HitEvent	76	1
281999	consumer	HitEvent	2	0
282333	consumer	HitEvent	4	0
282666	consumer	HitEvent	5	0
283001	producer	HitEvent	400	1
283334	producer	HitEvent	17023	1
283667	producer	HitEvent	3365	1
283999	consumer	HitEvent	1	0
284333	consumer	HitEvent	3	0
284667	producer	HitEvent	3699	1
285001	producer	HitEvent	219	1
285334	producer	HitEvent	648	1
285666	consumer	HitEvent	5	0
286001	producer	HitEvent	20	1
286334	producer	HitEvent	454	1
286667	producer	HitEvent	50	1
286999	consumer	HitEvent	4	0
287334	producer	HitEvent	7891	1
287666	consumer	HitEvent	6	0
288001	producer	HitEvent	9951	1
288334	producer	HitEvent	17416	1
288667	producer	HitEvent	22144	1
289001	producer	HitEvent	481	1
289334	producer	HitEvent	16164	1
289667	producer	HitEvent	4420	1
289999	consumer	HitEvent	1	0
290333	consumer	HitEvent	8	0
290667	producer	HitEvent	188	1
291001	producer	HitEvent	68	1
291334	producer	HitEvent	23917	1
291666	consumer	HitEvent	1	0
291999	consumer	HitEvent	9	0
292333	consumer	HitEvent	4	0
292667	producer	HitEvent	30186	1
293001	producer	HitEvent	16	1
293333	consumer	HitEvent	3	0
293666	consumer	HitEvent	12	0
294001	producer	HitEvent	33	1
294333	consumer	HitEvent	1	0
294666	consumer	HitEvent	68	0
295001	producer	HitEvent	29879	1
295334	producer	HitEvent	55228	1
295666	consumer	HitEvent	5	0
295999	consumer	HitEvent	4	0
296334	producer	HitEvent	3164	1
296667	producer	HitEvent	36	1
296999	consumer	HitEvent	1	0
297334	producer	HitEvent	2640	1
297667	producer	HitEvent	64232	1
297999	consumer	HitEvent	1	0
298334	producer	HitEvent	60	1
298666	consumer	HitEvent	2	0
299001	producer	HitEvent	11	1
299333	consumer	HitEvent	1	0
299667	producer	HitEvent	2910	1
300001	producer	HitEvent	11093	1
300334	producer	HitEvent	469	1
300667	producer	HitEvent	224	1
301001	producer	HitEvent	8420	1
301333	consumer	HitEvent	3	0
301666	consumer	HitEvent	2	0
302001	producer	HitEvent	4028	1
302333	consumer	HitEvent	1	0
302667	producer	HitEvent	84	1
303001	producer	HitEvent	451	1
303333	consumer	HitEvent	2	0
303667	producer	HitEvent	413	1
304001	producer	HitEvent	34111	1
304334	producer	HitEvent	14	1
304667	producer	HitEvent	730	1
305001	producer	HitEvent	86601	1
305333	consumer	HitEvent	6	0
305667	producer	HitEvent	181	1
306001	producer	HitEvent	587	1
306333	consumer	HitEvent	2	0
306667	producer	HitEvent	46129	1
307001	producer	HitEvent	176	1
307334	producer	HitEvent	1105	1
307667	producer	HitEvent	39436	1
308001	producer	HitEvent	3773	1
308334	producer	HitEvent	42	1
308667	producer	HitEvent	3665	1
308999	consumer	HitEvent	2	0
309333	consumer	HitEvent	20	0
309667	producer	HitEvent	152	1
310001	producer	HitEvent	130	1
310333	consumer	HitEvent	3	0
310666	consumer	HitEvent	3	0
311001	producer	HitEvent	997	1
311334	producer	HitEvent	64	1
311667	producer	HitEvent	58995	1
311999	consumer	HitEvent	33	0
312334	producer	HitEvent	37	1
312667	producer	HitEvent	96467	1
313001	producer	HitEvent	3085	1
313334	producer	HitEvent	885	1
313667	producer	HitEvent	4354	1
314001	producer	HitEvent	1157	1
314334	producer	HitEvent	251	1
314666	consumer	HitEvent	2	0
315001	producer	HitEvent	192	1
315334	producer	HitEvent	41040	1
315667	producer	HitEvent	311	1
316001	producer	HitEvent	9411	1
316333	consumer	HitEvent	7	0
316667	producer	HitEvent	62	1
317001	producer	HitEvent	5904	1
317334	producer	HitEvent	55	1
317667	producer	HitEvent	1564	1
318001	producer	HitEvent	2171	1
318334	producer	HitEvent	45462	1
318666	consumer	HitEvent	3	0
319001	producer	HitEvent	58839	1
319333	consumer	HitEvent	1	0
319666	consumer	HitEvent	219	0
319999	consumer	HitEvent	1	0
320334	producer	HitEvent	87	1
320667	producer	HitEvent	11018	1
320999	consumer	HitEvent	1	0
321334	producer	HitEvent	19	1
321666	consumer	HitEvent	7	0
322001	producer	HitEvent	162	1
322334	producer	HitEvent	41	1
322667	producer	HitEvent	45115	1
322999	consumer	HitEvent	1	0
323334	producer	HitEvent	59	1
323667	producer	HitEvent	583	1
323999	consumer	HitEvent	11	0
324334	producer	HitEvent	1347	1
324667	producer	HitEvent	25553	1
324999	consumer	HitEvent	1	0
325334	producer	HitEvent	1370	1
325667	producer	HitEvent	61932	1
326001	producer	HitEvent	463	1
326334	producer	HitEvent	78619	1
326667	producer	HitEvent	52	1
327001	producer	HitEvent	3023	1
327334	producer	HitEvent	168	1
327667	producer	HitEvent	732	1
328001	producer	HitEvent	10	1
328334	producer	HitEvent	82	1
328667	producer	HitEvent	1980	1
329001	producer	HitEvent	64828	1
329334	producer	HitEvent	479	1
329667	producer	HitEvent	1920	1
330001	producer	HitEvent	9906	1
330333	consumer	HitEvent	10	0
330667	producer	HitEvent	53119	1
331001	producer	HitEvent	18	1
331334	producer	HitEvent	38750	1
331667	producer	HitEvent	327	1
332001	producer	HitEvent	238	1
332334	producer	HitEvent	72	1
332666	consumer	HitEvent	2	0
332999	consumer	HitEvent	9	0
333334	producer	HitEvent	3031	1
333666	consumer	HitEvent	1	0
333999	consumer	HitEvent	2	0
334334	producer	HitEvent	25048	1
334666	consumer	HitEvent	1	0
335001	producer	HitEvent	623	1
335334	producer	HitEvent	424	1
335667	producer	HitEvent	12	1
336001	producer	HitEvent	49	1
336334	producer	HitEvent	1023	1
336666	consumer	HitEvent	33	0
337001	producer	HitEvent	88	1
337334	producer	HitEvent	13263	1
337666	consumer	HitEvent	238	0
338001	producer	HitEvent	2788	1
338334	producer	HitEvent	5	1
338667	producer	HitEvent	860	1
338999	consumer	HitEvent	60	0
339334	producer	HitEvent	5261	1
339667	producer	HitEvent	2991	1
339999	consumer	HitEvent	37	0
340334	producer	HitEvent	80338	1
340667	producer	HitEvent	20614	1
341001	producer	HitEvent	234	1
341333	consumer	HitEvent	3	0
341667	producer	HitEvent	683	1
342001	producer	HitEvent	1021	1
342334	producer	HitEvent	48001	1
342667	producer	HitEvent	40	1
343001	producer	HitEvent	263	1
343334	producer	HitEvent	27428	1
343667	producer	HitEvent	9311	1
344001	producer	HitEvent	934	1
344334	producer	HitEvent	48	1
344666	consumer	HitEvent	20	0
345001	producer	HitEvent	10855	1
345334	producer	HitEvent	4	1
345667	producer	HitEvent	83	1
346001	producer	HitEvent	513	1
346333	consumer	HitEvent	3	0
346667	producer	HitEvent	746	1
347001	producer	HitEvent	28	1
347334	producer	HitEvent	8827	1
347667	producer	HitEvent	12129	1
347999	consumer	HitEvent	7	0
348334	producer	HitEvent	41189	1
348666	consumer	HitEvent	49	0
349001	producer	HitEvent	425	1
349334	producer	HitEvent	11712	1
349666	consumer	HitEvent	1	0
350001	producer	HitEvent	2234	1
350333	consumer	HitEvent	2	0
350667	producer	HitEvent	3028	1
351001	producer	HitEvent	82730	1
351334	producer	HitEvent	50	1
351666	consumer	HitEvent	2	0
351999	consumer	HitEvent	12	0
352333	consumer	HitEvent	10	0
352666	consumer	HitEvent	263	0
352999	consumer	HitEvent	3	0
353334	producer	HitEvent	17	1
353667	producer	HitEvent	36	1
353999	consumer	HitEvent	1	0
354334	producer	HitEvent	60712	1
354667	producer	HitEvent	3279	1
355001	producer	HitEvent	1042	1
355334	producer	HitEvent	254	1
355666	consumer	HitEvent	5	0
355999	consumer	HitEvent	4	0
356333	consumer	HitEvent	10	0
356667	producer	HitEvent	41813	1
356999	consumer	HitEvent	1	0
357334	producer	HitEvent	1041	1
357667	producer	HitEvent	361	1
357999	consumer	HitEvent	4	0
358334	producer	HitEvent	22352	1
358667	producer	HitEvent	52037	1
359001	producer	HitEvent	207	1
359334	producer	HitEvent	3374	1
359666	consumer	HitEvent	1	0
360001	producer	HitEvent	8	1
360333	consumer	HitEvent	18	0
360666	consumer	HitEvent	2	0
361001	producer	HitEvent	81	1
361334	producer	HitEvent	431	1
361667	producer	HitEvent	5962	1
362001	producer	HitEvent	224	1
362333	consumer	HitEvent	4	0
362667	producer	HitEvent	5700	1
363001	producer	HitEvent	6	1
363333	consumer	HitEvent	8	0
363666	consumer	HitEvent	7	0
364001	producer	HitEvent	186	1
364333	consumer	HitEvent	4	0
364667	producer	HitEvent	13429	1
365001	producer	HitEvent	891	1
365333	consumer	HitEvent	1	0
365667	producer	HitEvent	21	1
366001	producer	HitEvent	4742	1
366334	producer	HitEvent	7613	1
366666	consumer	HitEvent	12	0
366999	consumer	HitEvent	2	0
367334	producer	HitEvent	1474	1
367667	producer	HitEvent	538	1
368001	producer	HitEvent	84486	1
368333	consumer	HitEvent	4	0
368666	consumer	HitEvent	3	0
369001	producer	HitEvent	320	1
369334	producer	HitEvent	28287	1
369667	producer	HitEvent	181	1
370001	producer	HitEvent	13123	1
370334	producer	HitEvent	32148	1
370667	producer	HitEvent	392	1
370999	consumer	HitEvent	7	0
371334	producer	HitEvent	1234	1
371667	producer	HitEvent	104	1
372001	producer	HitEvent	68308	1
372334	producer	HitEvent	69	1
372667	producer	HitEvent	65	1
373001	producer	HitEvent	407	1
373334	producer	HitEvent	1616	1
373667	producer	HitEvent	42	1
374001	producer	HitEvent	42354	1
374334	producer	HitEvent	24	1
374666	consumer	HitEvent	1	0
375001	producer	HitEvent	3274	1
375333	consumer	HitEvent	9	0
375666	consumer	HitEvent	4	0
376001	producer	HitEvent	54443	1
376333	consumer	HitEvent	2	0
376666	consumer	HitEvent	12	0
377001	producer	HitEvent	32	1
377333	consumer	HitEvent	6	0
377667	producer	HitEvent	87279	1
378001	producer	HitEvent	25019	1
378333	consumer	HitEvent	3	0
378666	consumer	HitEvent	3	0
379001	producer	HitEvent	142	1
379333	consumer	HitEvent	1	0
379667	producer	HitEvent	15941	1
380001	producer	HitEvent	3948	1
380334	producer	HitEvent	43	1
380667	producer	HitEvent	34	1
381001	producer	HitEvent	4354	1
381334	producer	HitEvent	53871	1
381667	producer	HitEvent	69914	1
382001	producer	HitEvent	77158	1
382334	producer	HitEvent	99	1
382667	producer	HitEvent	87	1
383001	producer	HitEvent	4780	1
383334	producer	HitEvent	4043	1
383667	producer	HitEvent	48921	1
383999	consumer	HitEvent	4	0
384333	consumer	HitEvent	9	0
384667	producer	HitEvent	1157	1
384999	consumer	HitEvent	5	0
385334	producer	HitEvent	3002	1
385667	producer	HitEvent	848	1
386001	producer	HitEvent	27961	1
386334	producer	HitEvent	5508	1
386667	producer	HitEvent	2217	1
386999	consumer	HitEvent	1	0
387333	consumer	HitEvent	934	0
387667	producer	HitEvent	609	1
387999	consumer	HitEvent	1	0
388334	producer	HitEvent	17264	1
388667	producer	HitEvent	6975	1
389001	producer	HitEvent	38	1
389333	consumer	HitEvent	5	0
389667	producer	HitEvent	63	1
389999	consumer	HitEvent	10	0
390334	producer	HitEvent	13	1
390667	producer	HitEvent	41913	1
390999	consumer	HitEvent	1	0
391334	producer	HitEvent	30	1
391666	consumer	HitEvent	10	0
391999	consumer	HitEvent	9	0
392334	producer	HitEvent	3213	1
392667	producer	HitEvent	1109	1
392999	consumer	HitEvent	1	0
393334	producer	HitEvent	118	1
393666	consumer	HitEvent	2	0
394001	producer	HitEvent	283	1
394333	consumer	HitEvent	9	0
394667	producer	HitEvent	211	1
395001	producer	HitEvent	1463	1
395334	producer	HitEvent	267	1
395667	producer	HitEvent	277	1
396001	producer	HitEvent	8107	1
396334	producer	HitEvent	844	1
396667	producer	HitEvent	7026	1
397001	producer	HitEvent	7210	1
397334	producer	HitEvent	1033	1
397667	producer	HitEvent	435	1
398001	producer	HitEvent	139	1
398333	consumer	HitEvent	1	0
398667	producer	HitEvent	286	1
398999	consumer	HitEvent	1	0
399334	producer	HitEvent	20	1
399667	producer	HitEvent	75	1
400001	producer	HitEvent	59	1
400334	producer	HitEvent	158	1
400666	consumer	HitEvent	3	0
401001	producer	HitEvent	63039	1
401334	producer	HitEvent	49	1
401667	producer	HitEvent	64	1
401999	consumer	HitEvent	1	0
402334	producer	HitEvent	1495	1
402666	consumer	HitEvent	1	0
403001	producer	HitEvent	67	1
403334	producer	HitEvent	122	1
403666	consumer	HitEvent	1	0
404001	producer	HitEvent	65965	1
404334	producer	HitEvent	16292	1
404666	consumer	HitEvent	1	0
404999	consumer	HitEvent	5	0
405334	producer	HitEvent	16	1
405666	consumer	HitEvent	1	0
406001	producer	HitEvent	155	1
406334	producer	HitEvent	162	1
406667	producer	HitEvent	76	1
406999	consumer	HitEvent	13	0
407333	consumer	HitEvent	5	0
407667	producer	HitEvent	11	1
408001	producer	HitEvent	8135	1
408334	producer	HitEvent	1545	1
408667	producer	HitEvent	333	1
409001	producer	HitEvent	15245	1
409333	consumer	HitEvent	1	0
409666	consumer	HitEvent	43	0
410001	producer	HitEvent	81	1
410334	producer	HitEvent	3440	1
410667	producer	HitEvent	3332	1
410999	consumer	HitEvent	2	0
411334	producer	HitEvent	1124	1
411667	producer	HitEvent	1097	1
412001	producer	HitEvent	63090	1
412334	producer	HitEvent	4713	1
412667	producer	HitEvent	346	1
412999	consumer	HitEvent	1	0
413333	consumer	HitEvent	5	0
413667	producer	HitEvent	526	1
414001	producer	HitEvent	50	1
414333	consumer	HitEvent	1124	0
414666	consumer	HitEvent	1	0
415001	producer	HitEvent	34704	1
415333	consumer	HitEvent	2	0
415667	producer	HitEvent	443	1
416001	producer	HitEvent	682	1
416334	producer	HitEvent	30308	1
416667	producer	HitEvent	518	1
417001	producer	HitEvent	660	1
417333	consumer	HitEvent	24	0
417667	producer	HitEvent	6215	1
417999	consumer	HitEvent	1	0
418334	producer	HitEvent	7494	1
418667	producer	HitEvent	14250	1
418999	consumer	HitEvent	1	0
419334	producer	HitEvent	8	1
419667	producer	HitEvent	2113	1
420001	producer	HitEvent	21	1
420334	producer	HitEvent	89	1
420667	producer	HitEvent	16338	1
420999	consumer	HitEvent	13	0
421333	consumer	HitEvent	5	0
421667	producer	HitEvent	1740	1
422001	producer	HitEvent	17721	1
422333	consumer	HitEvent	1	0
422667	producer	HitEvent	22090	1
423001	producer	HitEvent	916	1
423334	producer	HitEvent	14	1
423667	producer	HitEvent	1549	1
424001	producer	HitEvent	35	1
424333	consumer	HitEvent	4	0
424667	producer	HitEvent	15	1
425001	producer	HitEvent	17447	1
425334	producer	HitEvent	12367	1
425667	producer	HitEvent	12	1
426001	producer	HitEvent	92244	1
426333	consumer	HitEvent	13	0
426667	producer	HitEvent	44	1
426999	consumer	HitEvent	8	0
427333	consumer	HitEvent	3	0
427667	producer	HitEvent	32689	1
427999	consumer	HitEvent	8	0
428334	producer	HitEvent	44048	1
428667	producer	HitEvent	143	1
429001	producer	HitEvent	3277	1
429334	producer	HitEvent	3592	1
429667	producer	HitEvent	32572	1
429999	consumer	HitEvent	1	0
430334	producer	HitEvent	40990	1
430667	producer	HitEvent	320	1
430999	consumer	HitEvent	2	0
431334	producer	HitEvent	688	1
431667	producer	HitEvent	173	1
432001	producer	HitEvent	263	1
432334	producer	HitEvent	33266	1
432667	producer	HitEvent	22291	1
433001	producer	HitEvent	3520	1
433333	consumer	HitEvent	1	0
433667	producer	HitEvent	32	1
433999	consumer	HitEvent	1	0
434334	producer	HitEvent	25	1
434667	producer	HitEvent	1353	1
435001	producer	HitEvent	90	1
435333	consumer	HitEvent	2	0
435666	consumer	HitEvent	3	0
436001	producer	HitEvent	3449	1
436334	producer	HitEvent	10155	1
436666	consumer	HitEvent	76	0
437001	producer	HitEvent	224	1
437334	producer	HitEvent	694	1
437667	producer	HitEvent	7896	1
438001	producer	HitEvent	10661	1
438333	consumer	HitEvent	8	0
438667	producer	HitEvent	3622	1
439001	producer	HitEvent	86	1
439333	consumer	HitEvent	1	0
439667	producer	HitEvent	4541	1
439999	consumer	HitEvent	12	0
440334	producer	HitEvent	1794	1
440667	producer	HitEvent	3611	1
440999	consumer	HitEvent	1	0
441334	producer	HitEvent	6	1
441666	consumer	HitEvent	89	0
442001	producer	HitEvent	24563	1
442334	producer	HitEvent	974	1
442667	producer	HitEvent	13770	1
442999	consumer	HitEvent	11	0
443333	consumer	HitEvent	3	0
443667	producer	HitEvent	8692	1
444001	producer	HitEvent	27006	1
444334	producer	HitEvent	56	1
444667	producer	HitEvent	27594	1
445001	producer	HitEvent	30	1
445334	producer	HitEvent	5915	1
445666	consumer	HitEvent	1	0
446001	producer	HitEvent	14287	1
446333	consumer	HitEvent	5	0
446667	producer	HitEvent	35373	1
447001	producer	HitEvent	2439	1
447334	producer	HitEvent	45724	1
447667	producer	HitEvent	23	1
448001	producer	HitEvent	8565	1
448334	producer	HitEvent	131	1
448666	consumer	HitEvent	2	0
448999	consumer	HitEvent	1	0
449333	consumer	HitEvent	11	0
449666	consumer	HitEvent	131	0
450001	producer	HitEvent	5967	1
450334	producer	HitEvent	78	1
450667	producer	HitEvent	6490	1
451001	producer	HitEvent	983	1
451333	consumer	HitEvent	30	0
451667	producer	HitEvent	188	1
452001	producer	HitEvent	165	1
452333	consumer	HitEvent	443	0
452667	producer	HitEvent	11133	1
452999	consumer	HitEvent	2	0
453333	consumer	HitEvent	5	0
453667	producer	HitEvent	999	1
453999	consumer	HitEvent	24	0
454334	producer	HitEvent	64	1
454667	producer	HitEvent	329	1
455001	producer	HitEvent	48962	1
455333	consumer	HitEvent	1	0
455667	producer	HitEvent	27501	1
456001	producer	HitEvent	116	1
456334	producer	HitEvent	97	1
456666	consumer	HitEvent	4	0
457001	producer	HitEvent	9	1
457333	consumer	HitEvent	1	0
457667	producer	HitEvent	5460	1
458001	producer	HitEvent	23695	1
458334	producer	HitEvent	22	1
458667	producer	HitEvent	17	1
459001	producer	HitEvent	100	1
459334	producer	HitEvent	30560	1
459666	consumer	HitEvent	30	0
459999	consumer	HitEvent	3	0
460333	consumer	HitEvent	3	0
460666	consumer	HitEvent	32	0
461001	producer	HitEvent	36	1
461333	consumer	HitEvent	11	0
461666	consumer	HitEvent	4	0
462001	producer	HitEvent	21993	1
462334	producer	HitEvent	42457	1
462666	consumer	HitEvent	11	0
462999	consumer	HitEvent	12	0
463334	producer	HitEvent	4570	1
463667	producer	HitEvent	26	1
464001	producer	HitEvent	53	1
464334	producer	HitEvent	62	1
464666	consumer	HitEvent	11	0
465001	producer	HitEvent	2304	1
465333	consumer	HitEvent	2	0
465667	producer	HitEvent	421	1
465999	consumer	HitEvent	22	0
466334	producer	HitEvent	954	1
466667	producer	HitEvent	11843	1
467001	producer	HitEvent	223	1
467333	consumer	HitEvent	2	0
467666	consumer	HitEvent	8	0
467999	consumer	HitEvent	5	0
468333	consumer	HitEvent	3	0
468667	producer	HitEvent	457	1
469001	producer	HitEvent	91	1
469333	consumer	HitEvent	1	0
469667	producer	HitEvent	281	1
470001	producer	HitEvent	24488	1
470334	producer	HitEvent	47435	1
470666	consumer	HitEvent	1	0
470999	consumer	HitEvent	1	0
471333	consumer	HitEvent	3	0
471667	producer	HitEvent	312	1
472001	producer	HitEvent	4696	1
472333	consumer	HitEvent	6	0
472666	consumer	HitEvent	4	0
473001	producer	HitEvent	33	1
473334	producer	HitEvent	14	1
473666	consumer	HitEvent	1	0
474001	producer	HitEvent	540	1
474334	producer	HitEvent	39	1
474667	producer	HitEvent	455	1
475001	producer	HitEvent	31010	1
475333	consumer	HitEvent	1	0
475666	consumer	HitEvent	2	0
476001	producer	HitEvent	168	1
476334	producer	HitEvent	136	1
476667	producer	HitEvent	352	1
477001	producer	HitEvent	3810	1
477334	producer	HitEvent	2960	1
477667	producer	HitEvent	9854	1
478001	producer	HitEvent	30517	1
478334	producer	HitEvent	27	1
478667	producer	HitEvent	18	1
479001	producer	HitEvent	45447	1
479334	producer	HitEvent	20711	1
479666	consumer	HitEvent	3	0
480001	producer	HitEvent	21048	1
480333	consumer	HitEvent	3	0
480666	consumer	HitEvent	3	0
481001	producer	HitEvent	3199	1
481333	consumer	HitEvent	136	0
481667	producer	HitEvent	304	1
482001	producer	HitEvent	4551	1
482334	producer	HitEvent	16022	1
482667	producer	HitEvent	1717	1
483001	producer	HitEvent	5118	1
483334	producer	HitEvent	65	1
483667	producer	HitEvent	7	1
484001	producer	HitEvent	2627	1
484334	producer	HitEvent	13243	1
484666	consumer	HitEvent	3	0
484999	consumer	HitEvent	3	0
485333	consumer	HitEvent	3	0
485666	consumer	HitEvent	7	0
486001	producer	HitEvent	436	1
486334	producer	HitEvent	135	1
486667	producer	HitEvent	3813	1
487001	producer	HitEvent	48	1
487334	producer	HitEvent	5874	1
487667	producer	HitEvent	15887	1
488001	producer	HitEvent	788	1
488334	producer	HitEvent	1534	1
488667	producer	HitEvent	1571	1
489001	producer	HitEvent	10811	1
489334	producer	HitEvent	6309	1
489666	consumer	HitEvent	32	0
489999	consumer	HitEvent	4	0
490333	consumer	HitEvent	3	0
490667	producer	HitEvent	80233	1
491001	producer	HitEvent	380	1
491334	producer	HitEvent	6678	1
491666	consumer	HitEvent	5	0
492001	producer	HitEvent	353	1
492334	producer	HitEvent	32972	1
492667	producer	HitEvent	10498	1
492999	consumer	HitEvent	3	0
493334	producer	HitEvent	7705	1
493666	consumer	HitEvent	3	0
494001	producer	HitEvent	266	1
494334	producer	HitEvent	15805	1
494666	consumer	HitEvent	3	0
495001	producer	HitEvent	5184	1
495334	producer	HitEvent	3713	1
495667	producer	HitEvent	28	1
495999	consumer	HitEvent	9	0
496333	consumer	HitEvent	36	0
496667	producer	HitEvent	160	1
497001	producer	HitEvent	7463	1
497333	consumer	HitEvent	33	0
497666	consumer	HitEvent	135	0
498001	producer	HitEvent	13518	1
498334	producer	HitEvent	19793	1
498667	producer	HitEvent	8635	1
499001	producer	HitEvent	1533	1
499334	producer	HitEvent	23	1
499667	producer	HitEvent	3253	1
499999	consumer	HitEvent	2	0
500334	producer	HitEvent	4793	1
500666	consumer	HitEvent	3	0
500999	consumer	HitEvent	1	0
501334	producer	HitEvent	11740	1
501667	producer	HitEvent	1339	1
502001	producer	HitEvent	21192	1
502333	consumer	HitEvent	22	0
502667	producer	HitEvent	3529	1
502999	consumer	HitEvent	1	0
503334	producer	HitEvent	11828	1
503667	producer	HitEvent	18601	1
504001	producer	HitEvent	2208	1
504334	producer	HitEvent	152	1
504667	producer	HitEvent	20	1
504999	consumer	HitEvent	1	0
505333	consumer	HitEvent	12	0
505666	consumer	HitEvent	6	0
506001	producer	HitEvent	95394	1
506333	consumer	HitEvent	32	0
506667	producer	HitEvent	13	1
507001	producer	HitEvent	3235	1
507333	consumer	HitEvent	2	0
507667	producer	HitEvent	3457	1
508001	producer	HitEvent	51776	1
508334	producer	HitEvent	15	1
508667	producer	HitEvent	279	1
509001	producer	HitEvent	10422	1
509334	producer	HitEvent	80586	1
509667	producer	HitEvent	92	1
510001	producer	HitEvent	425	1
510333	consumer	HitEvent	1	0
510666	consumer	HitEvent	22	0
511001	producer	HitEvent	449	1
511333	consumer	HitEvent	13	0
511667	producer	HitEvent	3377	1
512001	producer	HitEvent	5325	1
512333	consumer	HitEvent	2	0
512666	consumer	HitEvent	1	0
513001	producer	HitEvent	7536	1
513334	producer	HitEvent	9906	1
513667	producer	HitEvent	62159	1
514001	producer	HitEvent	1834	1
514333	consumer	HitEvent	1	0
514666	consumer	HitEvent	23	0
515001	producer	HitEvent	4438	1
515333	consumer	HitEvent	1	0
515666	consumer	HitEvent	2	0
516001	producer	HitEvent	11	1
516333	consumer	HitEvent	1	0
516667	producer	HitEvent	515	1
517001	producer	HitEvent	437	1
517334	producer	HitEvent	3654	1
517667	producer	HitEvent	832	1
518001	producer	HitEvent	8378	1
518334	producer	HitEvent	97254	1
518667	producer	HitEvent	17	1
518999	consumer	HitEvent	1	0
519334	producer	HitEvent	2001	1
519667	producer	HitEvent	10201	1
520001	producer	HitEvent	197	1
520334	producer	HitEvent	39	1
520667	producer	HitEvent	18248	1
521001	producer	HitEvent	24252	1
521333	consumer	HitEvent	23	0
521666	consumer	HitEvent	22	0
521999	consumer	HitEvent	1	0
522334	producer	HitEvent	6619	1
522666	consumer	HitEvent	1	0
522999	consumer	HitEvent	1	0
523334	producer	HitEvent	1538	1
523666	consumer	HitEvent	28	0
524001	producer	HitEvent	726	1
524334	producer	HitEvent	800	1
524667	producer	HitEvent	8	1
525001	producer	HitEvent	2049	1
525334	producer	HitEvent	2868	1
525666	consumer	HitEvent	1	0
526001	producer	HitEvent	87453	1
526334	producer	HitEvent	35552	1
526667	producer	HitEvent	213	1
526999	consumer	HitEvent	22	0
527334	producer	HitEvent	24434	1
527667	producer	HitEvent	478	1
528001	producer	HitEvent	450	1
528333	consumer	HitEvent	7	0
528666	consumer	HitEvent	33	0
529001	producer	HitEvent	68	1
529333	consumer	HitEvent	5	0
529667	producer	HitEvent	12794	1
530001	producer	HitEvent	442	1
530334	producer	HitEvent	123	1
530667	producer	HitEvent	10901	1
530999	consumer	HitEvent	3	0
531334	producer	HitEvent	187	1
531667	producer	HitEvent	390	1
532001	producer	HitEvent	7614	1
532334	producer	HitEvent	1776	1
532667	producer	HitEvent	983	1
533001	producer	HitEvent	8293	1
533334	producer	HitEvent	82	1
533666	consumer	HitEvent	11	0
534001	producer	HitEvent	88556	1
534333	consumer	HitEvent	1	0
534666	consumer	HitEvent	13	0
535001	producer	HitEvent	2601	1
535333	consumer	HitEvent	23	0
535667	producer	HitEvent	7174	1
536001	producer	HitEvent	4	1
536334	producer	HitEvent	75192	1
536666	consumer	HitEvent	1	0
537001	producer	HitEvent	194	1
537333	consumer	HitEvent	6	0
537667	producer	HitEvent	8387	1
537999	consumer	HitEvent	17	0
538334	producer	HitEvent	173	1
538667	producer	HitEvent	26438	1
538999	consumer	HitEvent	5	0
539333	consumer	HitEvent	20	0
539667	producer	HitEvent	116	1
540001	producer	HitEvent	807	1
540333	consumer	HitEvent	1	0
540666	consumer	HitEvent	1	0
541001	producer	HitEvent	47995	1
541334	producer	HitEvent	24	1
541667	producer	HitEvent	46321	1
542001	producer	HitEvent	13888	1
542333	consumer	HitEvent	2	0
542666	consumer	HitEvent	1	0
543001	producer	HitEvent	8591	1
543333	consumer	HitEvent	1	0
543667	producer	HitEvent	91	1
544001	producer	HitEvent	238	1
544333	consumer	HitEvent	15	0
544667	producer	HitEvent	315	1
545001	producer	HitEvent	58843	1
545334	producer	HitEvent	73	1
545667	producer	HitEvent	99	1
545999	consumer	HitEvent	28	0
546334	producer	HitEvent	178	1
546667	producer	HitEvent	278	1
547001	producer	HitEvent	28340	1
547334	producer	HitEvent	33071	1
547667	producer	HitEvent	21415	1
548001	producer	HitEvent	28241	1
548334	producer	HitEvent	15154	1
548666	consumer	HitEvent	6	0
548999	consumer	HitEvent	4	0
549333	consumer	HitEvent	13	0
549666	consumer	HitEvent	2	0
550001	producer	HitEvent	99238	1
550334	producer	HitEvent	101	1
550666	consumer	HitEvent	23	0
551001	producer	HitEvent	34	1
551334	producer	HitEvent	7406	1
551667	producer	HitEvent	62	1
552001	producer	HitEvent	527	1
552334	producer	HitEvent	825	1
552667	producer	HitEvent	5732	1
553001	producer	HitEvent	9	1
553333	consumer	HitEvent	9	0
553667	producer	HitEvent	12869	1
554001	producer	HitEvent	5856	1
554334	producer	HitEvent	469	1
554666	consumer	HitEvent	1	0
554999	consumer	HitEvent	3	0
555334	producer	HitEvent	88	1
555666	consumer	HitEvent	2	0
556001	producer	HitEvent	8645	1
556334	producer	HitEvent	541	1
556667	producer	HitEvent	834	1
557001	producer	HitEvent	66	1
557333	consumer	HitEvent	2	0
557667	producer	HitEvent	374	1
557999	consumer	HitEvent	6	0
558333	consumer	HitEvent	2	0
558667	producer	HitEvent	1078	1
559001	producer	HitEvent	69091	1
559334	producer	HitEvent	951	1
559666	consumer	HitEvent	4	0
559999	consumer	HitEvent	1	0
560334	producer	HitEvent	2561	1
560666	consumer	HitEvent	22	0
560999	consumer	HitEvent	2	0
561334	producer	HitEvent	49	1
561667	producer	HitEvent	19954	1
561999	consumer	HitEvent	1	0
562334	producer	HitEvent	75059	1
562666	consumer	HitEvent	1	0
563001	producer	HitEvent	8447	1
563333	consumer	HitEvent	1	0
563667	producer	HitEvent	85036	1
564001	producer	HitEvent	6859	1
564333	consumer	HitEvent	1	0
564666	consumer	HitEvent	1	0
565001	producer	HitEvent	3808	1
565334	producer	HitEvent	9519	1
565667	producer	HitEvent	35484	1
565999	consumer	HitEvent	11	0
566334	producer	HitEvent	49759	1
566667	producer	HitEvent	2723	1
567001	producer	HitEvent	37	1
567333	consumer	HitEvent	23	0
567667	producer	HitEvent	44	1
567999	consumer	HitEvent	3	0
568334	producer	HitEvent	13652	1
568667	producer	HitEvent	1215	1
569001	producer	HitEvent	2448	1
569334	producer	HitEvent	69439	1
569666	consumer	HitEvent	1	0
570001	producer	HitEvent	615	1
570334	producer	HitEvent	574	1
570667	producer	HitEvent	36135	1
570999	consumer	HitEvent	22	0
571334	producer	HitEvent	76802	1
571667	producer	HitEvent	2021	1
571999	consumer	HitEvent	3	0
572333	consumer	HitEvent	2	0
572667	producer	HitEvent	693	1
573001	producer	HitEvent	1064	1
573334	producer	HitEvent	113	1
573667	producer	HitEvent	83787	1
574001	producer	HitEvent	10	1
574333	consumer	HitEvent	11	0
574667	producer	HitEvent	17430	1
574999	consumer	HitEvent	1	0
575334	producer	HitEvent	213	1
575667	producer	HitEvent	38154	1
575999	consumer	HitEvent	1	0
576334	producer	HitEvent	257	1
576667	producer	HitEvent	18	1
577001	producer	HitEvent	59	1
577334	producer	HitEvent	1920	1
577667	producer	HitEvent	72952	1
577999	consumer	HitEvent	1	0
578334	producer	HitEvent	19890	1
578667	producer	HitEvent	28480	1
579001	producer	HitEvent	8895	1
579334	producer	HitEvent	27483	1
579667	producer	HitEvent	1787	1
580001	producer	HitEvent	502	1
580333	consumer	HitEvent	3	0
580667	producer	HitEvent	901	1
581001	producer	HitEvent	7848	1
581334	producer	HitEvent	334	1
581667	producer	HitEvent	679	1
581999	consumer	HitEvent	2	0
582334	producer	HitEvent	7851	1
582667	producer	HitEvent	77896	1
582999	consumer	HitEvent	24	0
583334	producer	HitEvent	1187	1
583667	producer	HitEvent	9898	1
584001	producer	HitEvent	153	1
584333	consumer	HitEvent	1	0
584667	producer	HitEvent	1627	1
585001	producer	HitEvent	362	1
585334	producer	HitEvent	4594	1
585667	producer	HitEvent	3165	1
585999	consumer	HitEvent	2	0
586333	consumer	HitEvent	2	0
586667	producer	HitEvent	35132	1
587001	producer	HitEvent	2146	1
587334	producer	HitEvent	32	1
587667	producer	HitEvent	21	1
588001	producer	HitEvent	2896	1
588333	consumer	HitEvent	3	0
588667	producer	HitEvent	14522	1
588999	consumer	HitEvent	22	0
589334	producer	HitEvent	21148	1
589667	producer	HitEvent	9138	1
590001	producer	HitEvent	2732	1
590334	producer	HitEvent	2536	1
590667	producer	HitEvent	3141	1
591001	producer	HitEvent	577	1
591334	producer	HitEvent	708	1
591667	producer	HitEvent	12454	1
592001	producer	HitEvent	31	1
592334	producer	HitEvent	19638	1
592666	consumer	HitEvent	1	0
593001	producer	HitEvent	723	1
593334	producer	HitEvent	46055	1
593667	producer	HitEvent	237	1
594001	producer	HitEvent	1188	1
594334	producer	HitEvent	31392	1
594667	producer	HitEvent	16736	1
594999	consumer	HitEvent	4	0
595334	producer	HitEvent	2243	1
595667	producer	HitEvent	12	1
596001	producer	HitEvent	16	1
596334	producer	HitEvent	17	1
596667	producer	HitEvent	10591	1
596999	consumer	HitEvent	6	0
597334	producer	HitEvent	458	1
597667	producer	HitEvent	62	1
597999	consumer	HitEvent	21	0
598334	producer	HitEvent	128	1
598666	consumer	HitEvent	1	0
599001	producer	HitEvent	70	1
599334	producer	HitEvent	178	1
599667	producer	HitEvent	509	1
599999	consumer	HitEvent	1	0
600334	producer	HitEvent	247	1
600667	producer	HitEvent	1236	1
600999	consumer	HitEvent	6	0
601333	consumer	HitEvent	12	0
601667	producer	HitEvent	3051	1
602001	producer	HitEvent	214	1
602334	producer	HitEvent	10262	1
602666	consumer	HitEvent	11	0
603001	producer	HitEvent	3105	1
603334	producer	HitEvent	1106	1
603667	producer	HitEvent	13	1
604001	producer	HitEvent	51648	1
604333	consumer	HitEvent	3	0
604667	producer	HitEvent	194	1
605001	producer	HitEvent	84318	1
605334	producer	HitEvent	26	1
605667	producer	HitEvent	15	1
606001	producer	HitEvent	95310	1
606334	producer	HitEvent	25	1
606667	producer	HitEvent	208	1
606999	consumer	HitEvent	213	0
607333	consumer	HitEvent	1	0
607666	consumer	HitEvent	6	0
608001	producer	HitEvent	37426	1
608333	consumer	HitEvent	1	0
608667	producer	HitEvent	3478	1
609001	producer	HitEvent	83714	1
609333	consumer	HitEvent	3	0
609667	producer	HitEvent	19	1
610001	producer	HitEvent	456	1
610334	producer	HitEvent	2601	1
610667	producer	HitEvent	35	1
611001	producer	HitEvent	13862	1
611334	producer	HitEvent	49	1
611667	producer	HitEvent	773	1
612001	producer	HitEvent	27	1
612333	consumer	HitEvent	1	0
612666	consumer	HitEvent	4	0
612999	consumer	HitEvent	17	0
613334	producer	HitEvent	33	1
613667	producer	HitEvent	5422	1
613999	consumer	HitEvent	13	0
614334	producer	HitEvent	71	1
614666	consumer	HitEvent	49	0
614999	consumer	HitEvent	3	0
615334	producer	HitEvent	6853	1
615667	producer	HitEvent	113	1
616001	producer	HitEvent	21928	1
616333	consumer	HitEvent	3	0
616667	producer	HitEvent	9045	1
617001	producer	HitEvent	30	1
617333	consumer	HitEvent	3	0
617667	producer	HitEvent	198	1
617999	consumer	HitEvent	24	0
618334	producer	HitEvent	159	1
618667	producer	HitEvent	14	1
619001	producer	HitEvent	703	1
619334	producer	HitEvent	52281	1
619666	consumer	HitEvent	1	0
620001	producer	HitEvent	45170	1
620334	producer	HitEvent	986	1
620666	consumer	HitEvent	2	0
620999	consumer	HitEvent	1	0
621334	producer	HitEvent	9132	1
621667	producer	HitEvent	232	1
622001	producer	HitEvent	18210	1
622334	producer	HitEvent	55	1
622667	producer	HitEvent	6027	1
623001	producer	HitEvent	13588	1
623333	consumer	HitEvent	1	0
623666	consumer	HitEvent	1	0
623999	consumer	HitEvent	2	0
624334	producer	HitEvent	28664	1
624667	producer	HitEvent	20	1
625001	producer	HitEvent	331	1
625334	producer	HitEvent	57257	1
625667	producer	HitEvent	886	1
626001	producer	HitEvent	48	1
626333	consumer	HitEvent	1	0
626667	producer	HitEvent	567	1
627001	producer	HitEvent	1098	1
627333	consumer	HitEvent	3	0
627667	producer	HitEvent	30058	1
627999	consumer	HitEvent	1	0
628334	producer	HitEvent	30861	1
628667	producer	HitEvent	1493	1
629001	producer	HitEvent	192	1
629334	producer	HitEvent	297	1
629666	consumer	HitEvent	13	0
629999	consumer	HitEvent	1	0
630333	consumer	HitEvent	1	0
630667	producer	HitEvent	658	1
631001	producer	HitEvent	248	1
631334	producer	HitEvent	410	1
631667	producer	HitEvent	34228	1
632001	producer	HitEvent	52972	1
632334	producer	HitEvent	2823	1
632666	consumer	HitEvent	3	0
632999	consumer	HitEvent	21	0
633334	producer	HitEvent	484	1
633667	producer	HitEvent	5	1
633999	consumer	HitEvent	21	0
634333	consumer	HitEvent	3	0
634667	producer	HitEvent	314	1
634999	consumer	HitEvent	6	0
635334	producer	HitEvent	486	1
635667	producer	HitEvent	12995	1
635999	consumer	HitEvent	27	0
636333	consumer	HitEvent	1	0
636667	producer	HitEvent	40205	1
636999	consumer	HitEvent	24	0
637334	producer	HitEvent	230	1
637667	producer	HitEvent	3823	1
638001	producer	HitEvent	607	1
638334	producer	HitEvent	3873	1
638666	consumer	HitEvent	1	0
638999	consumer	HitEvent	6	0
639334	producer	HitEvent	7376	1
639667	producer	HitEvent	1034	1
639999	consumer	HitEvent	4	0
640334	producer	HitEvent	863	1
640667	producer	HitEvent	73396	1
641001	producer	HitEvent	48974	1
641333	consumer	HitEvent	1	0
641667	producer	HitEvent	84569	1
641999	consumer	HitEvent	6	0
642334	producer	HitEvent	157	1
642667	producer	HitEvent	4141	1
643001	producer	HitEvent	8	1
643334	producer	HitEvent	94	1
643667	producer	HitEvent	9	1
644001	producer	HitEvent	3706	1
644334	producer	HitEvent	162	1
644667	producer	HitEvent	578	1
645001	producer	HitEvent	95	1
645334	producer	HitEvent	20790	1
645667	producer	HitEvent	61	1
645999	consumer	HitEvent	3	0
646334	producer	HitEvent	6484	1
646667	producer	HitEvent	182	1
647001	producer	HitEvent	53	1
647333	consumer	HitEvent	1	0
647667	producer	HitEvent	5161	1
648001	producer	HitEvent	59	1
648334	producer	HitEvent	95045	1
648667	producer	HitEvent	957	1
649001	producer	HitEvent	40	1
649333	consumer	HitEvent	5	0
649667	producer	HitEvent	72	1
649999	consumer	HitEvent	1	0
650334	producer	HitEvent	3220	1
650667	producer	HitEvent	16	1
651001	producer	HitEvent	18	1
651334	producer	HitEvent	409	1
651667	producer	HitEvent	543	1
652001	producer	HitEvent	121	1
652333	consumer	HitEvent	18	0
652667	producer	HitEvent	273	1
653001	producer	HitEvent	7	1
653333	consumer	HitEvent	8	0
653667	producer	HitEvent	172	1
653999	consumer	HitEvent	6	0
654334	producer	HitEvent	47	1
654666	consumer	HitEvent	1	0
655001	producer	HitEvent	23339	1
655334	producer	HitEvent	14341	1
655666	consumer	HitEvent	6	0
656001	producer	HitEvent	83	1
656333	consumer	HitEvent	1	0
656666	consumer	HitEvent	7	0
657001	producer	HitEvent	13082	1
657334	producer	HitEvent	262	1
657667	producer	HitEvent	36624	1
657999	consumer	HitEvent	1	0
658333	consumer	HitEvent	1	0
658667	producer	HitEvent	8415	1
658999	consumer	HitEvent	4	0
659333	consumer	HitEvent	7	0
659667	producer	HitEvent	5069	1
660001	producer	HitEvent	9934	1
660334	producer	HitEvent	29374	1
660667	producer	HitEvent	4920	1
661001	producer	HitEvent	79	1
661334	producer	HitEvent	207	1
661667	producer	HitEvent	141	1
662001	producer	HitEvent	8165	1
662334	producer	HitEvent	1910	1
662666	consumer	HitEvent	79	0
663001	producer	HitEvent	25	1
663334	producer	HitEvent	242	1
663667	producer	HitEvent	485	1
664001	producer	HitEvent	307	1
664333	consumer	HitEvent	8	0
664667	producer	HitEvent	34	1
665001	producer	HitEvent	215	1
665334	producer	HitEvent	37	1
665667	producer	HitEvent	628	1
666001	producer	HitEvent	168	1
666334	producer	HitEvent	98	1
666667	producer	HitEvent	1319	1
666999	consumer	HitEvent	25	0
667334	producer	HitEvent	140	1
667667	producer	HitEvent	2	1
668001	producer	HitEvent	716	1
668334	producer	HitEvent	88	1
668667	producer	HitEvent	3245	1
669001	producer	HitEvent	15	1
669334	producer	HitEvent	13047	1
669666	consumer	HitEvent	3	0
670001	producer	HitEvent	24465	1
670333	consumer	HitEvent	1	0
670666	consumer	HitEvent	1	0
670999	consumer	HitEvent	2	0
671333	consumer	HitEvent	3	0
671667	producer	HitEvent	5207	1
672001	producer	HitEvent	881	1
672334	producer	HitEvent	1699	1
672667	producer	HitEvent	112	1
673001	producer	HitEvent	332	1
673333	consumer	HitEvent	2	0
673667	producer	HitEvent	779	1
673999	consumer	HitEvent	2	0
674333	consumer	HitEvent	88	0
674666	consumer	HitEvent	1	0
674999	consumer	HitEvent	1	0
675333	consumer	HitEvent	1	0
675667	producer	HitEvent	15788	1
676001	producer	HitEvent	61965	1
676334	producer	HitEvent	60762	1
676667	producer	HitEvent	51007	1
677001	producer	HitEvent	1411	1
677333	consumer	HitEvent	6	0
677667	producer	HitEvent	70	1
678001	producer	HitEvent	2416	1
678334	producer	HitEvent	82184	1
678667	producer	HitEvent	264	1
679001	producer	HitEvent	32	1
679334	producer	HitEvent	3960	1
679667	producer	HitEvent	11668	1
680001	producer	HitEvent	333	1
680333	consumer	HitEvent	1	0
680667	producer	HitEvent	12289	1
681001	producer	HitEvent	75282	1
681334	producer	HitEvent	44	1
681667	producer	HitEvent	169	1
681999	consumer	HitEvent	2	0
682334	producer	HitEvent	3407	1
682667	producer	HitEvent	75	1
683001	producer	HitEvent	1058	1
683334	producer	HitEvent	59011	1
683667	producer	HitEvent	24	1
684001	producer	HitEvent	386	1
684333	consumer	HitEvent	1	0
684666	consumer	HitEvent	2	0
684999	consumer	HitEvent	5	0
685334	producer	HitEvent	5432	1
685667	producer	HitEvent	87444	1
686001	producer	HitEvent	96	1
686333	consumer	HitEvent	9	0
686667	producer	HitEvent	6446	1
687001	producer	HitEvent	12	1
687334	producer	HitEvent	13572	1
687667	producer	HitEvent	5832	1
688001	producer	HitEvent	21	1
688334	producer	HitEvent	21881	1
688667	producer	HitEvent	45	1
689001	producer	HitEvent	81	1
689334	producer	HitEvent	9893	1
689667	producer	HitEvent	3206	1
689999	consumer	HitEvent	16	0
690333	consumer	HitEvent	1	0
690666	consumer	HitEvent	4	0
690999	consumer	HitEvent	2	0
691334	producer	HitEvent	3348	1
691667	producer	HitEvent	1012	1
691999	consumer	HitEvent	21	0
692334	producer	HitEvent	269	1
692667	producer	HitEvent	13293	1
693001	producer	HitEvent	55	1
693333	consumer	HitEvent	6	0
693667	producer	HitEvent	57429	1
694001	producer	HitEvent	1322	1
694333	consumer	HitEvent	5	0
694667	producer	HitEvent	11	1
695001	producer	HitEvent	219	1
695333	consumer	HitEvent	98	0
695666	consumer	HitEvent	5	0
696001	producer	HitEvent	36686	1
696333	consumer	HitEvent	3	0
696667	producer	HitEvent	2404	1
696999	consumer	HitEvent	2	0
697333	consumer	HitEvent	1	0
697667	producer	HitEvent	156	1
697999	consumer	HitEvent	1	0
698334	producer	HitEvent	40	1
698667	producer	HitEvent	4640	1
699001	producer	HitEvent	27	1
699334	producer	HitEvent	4157	1
699666	consumer	HitEvent	8	0
700001	producer	HitEvent	1489	1
700334	producer	HitEvent	116	1
700667	producer	HitEvent	641	1
700999	consumer	HitEvent	1	0
701334	producer	HitEvent	5855	1
701666	consumer	HitEvent	1	0
702001	producer	HitEvent	61	1
702334	producer	HitEvent	158	1
702667	producer	HitEvent	46	1
702999	consumer	HitEvent	1	0
703334	producer	HitEvent	90	1
703667	producer	HitEvent	7762	1
703999	consumer	HitEvent	1	0
704334	producer	HitEvent	3309	1
704667	producer	HitEvent	2617	1
705001	producer	HitEvent	4182	1
705334	producer	HitEvent	73222	1
705667	producer	HitEvent	61464	1
705999	consumer	HitEvent	25	0
706334	producer	HitEvent	3979	1
706666	consumer	HitEvent	15	0
707001	producer	HitEvent	2087	1
707334	producer	HitEvent	2172	1
707667	producer	HitEvent	13	1
708001	producer	HitEvent	61917	1
708334	producer	HitEvent	69676	1
708667	producer	HitEvent	77862	1
709001	producer	HitEvent	128	1
709334	producer	HitEvent	39223	1
709667	producer	HitEvent	356	1
710001	producer	HitEvent	119	1
710334	producer	HitEvent	2345	1
710667	producer	HitEvent	16023	1
710999	consumer	HitEvent	4	0
711334	producer	HitEvent	2766	1
711667	producer	HitEvent	65	1
712001	producer	HitEvent	515	1
712334	producer	HitEvent	31668	1
712666	consumer	HitEvent	27	0
713001	producer	HitEvent	415	1
713334	producer	HitEvent	91407	1
713666	consumer	HitEvent	3	0
714001	producer	HitEvent	29	1
714334	producer	HitEvent	23399	1
714667	producer	HitEvent	503	1
715001	producer	HitEvent	19320	1
715334	producer	HitEvent	2385	1
715666	consumer	HitEvent	158	0
716001	producer	HitEvent	228	1
716334	producer	HitEvent	67013	1
716667	producer	HitEvent	89005	1
717001	producer	HitEvent	7	1
717334	producer	HitEvent	3428	1
717666	consumer	HitEvent	1	0
718001	producer	HitEvent	94	1
718334	producer	HitEvent	10	1
718666	consumer	HitEvent	1	0
719001	producer	HitEvent	14567	1
719334	producer	HitEvent	131	1
719666	consumer	HitEvent	2	0
720001	producer	HitEvent	994	1
720334	producer	HitEvent	4781	1
720666	consumer	HitEvent	4	0
721001	producer	HitEvent	1477	1
721334	producer	HitEvent	2913	1
721667	producer	HitEvent	19	1
722001	producer	HitEvent	4462	1
722334	producer	HitEvent	72588	1
722667	producer	HitEvent	40408	1
722999	consumer	HitEvent	1	0
723334	producer	HitEvent	22672	1
723666	consumer	HitEvent	1	0
724001	producer	HitEvent	14129	1
724334	producer	HitEvent	58534	1
724667	producer	HitEvent	10653	1
725001	producer	HitEvent	5860	1
725334	producer	HitEvent	60	1
725667	producer	HitEvent	538	1
726001	producer	HitEvent	1656	1
726333	consumer	HitEvent	3	0
726666	consumer	HitEvent	3	0
727001	producer	HitEvent	24436	1
727333	consumer	HitEvent	6	0
727667	producer	HitEvent	20	1
728001	producer	HitEvent	47486	1
728334	producer	HitEvent	96095	1
728667	producer	HitEvent	7149	1
729001	producer	HitEvent	542	1
729334	producer	HitEvent	48041	1
729667	producer	HitEvent	6382	1
730001	producer	HitEvent	24266	1
730334	producer	HitEvent	856	1
730667	producer	HitEvent	2443	1
730999	consumer	HitEvent	2	0
731333	consumer	HitEvent	7	0
731666	consumer	HitEvent	2	0
732001	producer	HitEvent	5480	1
732334	producer	HitEvent	59033	1
732667	producer	HitEvent	14560	1
732999	consumer	HitEvent	2	0
733334	producer	HitEvent	347	1
733667	producer	HitEvent	49487	1
734001	producer	HitEvent	14893	1
734333	consumer	HitEvent	1	0
734667	producer	HitEvent	1143	1
734999	consumer	HitEvent	2	0
735334	producer	HitEvent	352	1
735667	producer	HitEvent	27946	1
736001	producer	HitEvent	13241	1
736334	producer	HitEvent	1572	1
736667	producer	HitEvent	1125	1
737001	producer	HitEvent	26715	1
737333	consumer	HitEvent	1	0
737667	producer	HitEvent	37	1
738001	producer	HitEvent	11	1
738334	producer	HitEvent	1414	1
738667	producer	HitEvent	100	1
739001	producer	HitEvent	15743	1
739334	producer	HitEvent	1382	1
739666	consumer	HitEvent	6	0
740001	producer	HitEvent	2734	1
740334	producer	HitEvent	1304	1
740667	producer	HitEvent	10893	1
741001	producer	HitEvent	428	1
741334	producer	HitEvent	3929	1
741666	consumer	HitEvent	2	0
742001	producer	HitEvent	82	1
742334	producer	HitEvent	8023	1
742667	producer	HitEvent	3047	1
743001	producer	HitEvent	5711	1
743334	producer	HitEvent	115	1
743667	producer	HitEvent	99	1
744001	producer	HitEvent	1870	1
744334	producer	HitEvent	405	1
744667	producer	HitEvent	2391	1
744999	consumer	HitEvent	1	0
745334	producer	HitEvent	1129	1
745667	producer	HitEvent	16	1
745999	consumer	HitEvent	6	0
746334	producer	HitEvent	11952	1
746667	producer	HitEvent	63357	1
746999	consumer	HitEvent	4	0
747334	producer	HitEvent	162	1
747667	producer	HitEvent	43299	1
748001	producer	HitEvent	42	1
748334	producer	HitEvent	13895	1
748666	consumer	HitEvent	3	0
748999	consumer	HitEvent	3	0
749334	producer	HitEvent	30632	1
749666	consumer	HitEvent	1	0
749999	consumer	HitEvent	1	0
750333	consumer	HitEvent	1	0
750666	consumer	HitEvent	3	0
751001	producer	HitEvent	15	1
751333	consumer	HitEvent	3	0
751667	producer	HitEvent	988	1
752001	producer	HitEvent	45822	1
752333	consumer	HitEvent	4	0
752666	consumer	HitEvent	1	0
752999	consumer	HitEvent	2	0
753334	producer	HitEvent	10508	1
753667	producer	HitEvent	34	1
754001	producer	HitEvent	111	1
754334	producer	HitEvent	25	1
754666	consumer	HitEvent	6	0
754999	consumer	HitEvent	2	0
755334	producer	HitEvent	20739	1
755667	producer	HitEvent	34321	1
756001	producer	HitEvent	209	1
756334	producer	HitEvent	83	1
756667	producer	HitEvent	60078	1
757001	producer	HitEvent	650	1
757334	producer	HitEvent	12466	1
757667	producer	HitEvent	1127	1
758001	producer	HitEvent	58905	1
758333	consumer	HitEvent	1	0
758667	producer	HitEvent	1677	1
759001	producer	HitEvent	20217	1
759333	consumer	HitEvent	1	0
759666	consumer	HitEvent	11	0
760001	producer	HitEvent	1630	1
760333	consumer	HitEvent	4	0
760667	producer	HitEvent	77	1
761001	producer	HitEvent	24	1
761333	consumer	HitEvent	1	0
761667	producer	HitEvent	182	1
762001	producer	HitEvent	633	1
762334	producer	HitEvent	3685	1
762667	producer	HitEvent	337	1
763001	producer	HitEvent	665	1
763334	producer	HitEvent	14297	1
763667	producer	HitEvent	18	1
764001	producer	HitEvent	24182	1
764334	producer	HitEvent	26	1
764667	producer	HitEvent	51899	1
765001	producer	HitEvent	19780	1
765334	producer	HitEvent	694	1
765667	producer	HitEvent	72	1
765999	consumer	HitEvent	1	0
766334	producer	HitEvent	2544	1
766667	producer	HitEvent	17493	1
767001	producer	HitEvent	114	1
767334	producer	HitEvent	512	1
767666	consumer	HitEvent	1	0
768001	producer	HitEvent	46804	1
768334	producer	HitEvent	279	1
768666	consumer	HitEvent	1	0
769001	producer	HitEvent	5	1
769333	consumer	HitEvent	1	0
769666	consumer	HitEvent	15	0
770001	producer	HitEvent	79	1
770333	consumer	HitEvent	25	0
770667	producer	HitEvent	9115	1
771001	producer	HitEvent	10372	1
771333	consumer	HitEvent	1	0
771666	consumer	HitEvent	5	0
772001	producer	HitEvent	7581	1
772334	producer	HitEvent	2749	1
772667	producer	HitEvent	689	1
773001	producer	HitEvent	28260	1
773333	consumer	HitEvent	1	0
773666	consumer	HitEvent	7	0
774001	producer	HitEvent	53497	1
774334	producer	HitEvent	835	1
774666	consumer	HitEvent	3	0
775001	producer	HitEvent	78	1
775333	consumer	HitEvent	3	0
775667	producer	HitEvent	44231	1
776001	producer	HitEvent	86	1
776333	consumer	HitEvent	2	0
776667	producer	HitEvent	453	1
776999	consumer	HitEvent	5	0
777334	producer	HitEvent	58	1
777667	producer	HitEvent	137	1
778001	producer	HitEvent	11145	1
778334	producer	HitEvent	47	1
778667	producer	HitEvent	131	1
779001	producer	HitEvent	30362	1
779333	consumer	HitEvent	2	0
779667	producer	HitEvent	561	1
780001	producer	HitEvent	46295	1
780334	producer	HitEvent	40	1
780667	producer	HitEvent	3426	1
781001	producer	HitEvent	104	1
781334	producer	HitEvent	38	1
781666	consumer	HitEvent	5	0
781999	consumer	HitEvent	4	0
782333	consumer	HitEvent	3	0
782667	producer	HitEvent	71947	1
783001	producer	HitEvent	43304	1
783334	producer	HitEvent	273	1
783666	consumer	HitEvent	4	0
784001	producer	HitEvent	8	1
784333	consumer	HitEvent	1	0
784667	producer	HitEvent	511	1
784999	consumer	HitEvent	4	0
785334	producer	HitEvent	27	1
785667	producer	HitEvent	175	1
786001	producer	HitEvent	31754	1
786333	consumer	HitEvent	2	0
786667	producer	HitEvent	85168	1
787001	producer	HitEvent	57	1
787333	consumer	HitEvent	1	0
787667	producer	HitEvent	18090	1
788001	producer	HitEvent	1641	1
788334	producer	HitEvent	36	1
788667	producer	HitEvent	117	1
789001	producer	HitEvent	40151	1
789334	producer	HitEvent	88	1
789667	producer	HitEvent	8947	1
790001	producer	HitEvent	12128	1
790334	producer	HitEvent	1706	1
790667	producer	HitEvent	7311	1
791001	producer	HitEvent	1500	1
791334	producer	HitEvent	81956	1
791666	consumer	HitEvent	18	0
792001	producer	HitEvent	257	1
792334	producer	HitEvent	165	1
792667	producer	HitEvent	1890	1
792999	consumer	HitEvent	5	0
793334	producer	HitEvent	607	1
793667	producer	HitEvent	678	1
793999	consumer	HitEvent	2	0
794334	producer	HitEvent	39	1
794667	producer	HitEvent	1197	1
795001	producer	HitEvent	489	1
795334	producer	HitEvent	21	1
795667	producer	HitEvent	1087	1
796001	producer	HitEvent	8586	1
796333	consumer	HitEvent	1	0
796667	producer	HitEvent	2465	1
797001	producer	HitEvent	19785	1
797333	consumer	HitEvent	273	0
797667	producer	HitEvent	34	1
798001	producer	HitEvent	414	1
798334	producer	HitEvent	201	1
798667	producer	HitEvent	22	1
798999	consumer	HitEvent	1	0
799334	producer	HitEvent	24809	1
799667	producer	HitEvent	153	1
799999	consumer	HitEvent	39	0
800334	producer	HitEvent	794	1
800667	producer	HitEvent	2136	1
801001	producer	HitEvent	1272	1
801334	producer	HitEvent	37	1
801666	consumer	HitEvent	1	0
802001	producer	HitEvent	15711	1
802334	producer	HitEvent	4490	1
802666	consumer	HitEvent	7	0
803001	producer	HitEvent	752	1
803334	producer	HitEvent	245	1
803666	consumer	HitEvent	1	0
804001	producer	HitEvent	963	1
804333	consumer	HitEvent	1	0
804667	producer	HitEvent	54582	1
805001	producer	HitEvent	82776	1
805334	producer	HitEvent	19624	1
805667	producer	HitEvent	11443	1
806001	producer	HitEvent	19	1
806334	producer	HitEvent	419	1
806667	producer	HitEvent	11	1
807001	producer	HitEvent	2558	1
807334	producer	HitEvent	2406	1
807666	consumer	HitEvent	1	0
808001	producer	HitEvent	5482	1
808334	producer	HitEvent	9340	1
808666	consumer	HitEvent	1	0
809001	producer	HitEvent	4430	1
809334	producer	HitEvent	9	1
809667	producer	HitEvent	60	1
810001	producer	HitEvent	439	1
810333	consumer	HitEvent	8	0
810666	consumer	HitEvent	1	0
810999	consumer	HitEvent	3	0
811334	producer	HitEvent	617	1
811667	producer	HitEvent	5298	1
812001	producer	HitEvent	502	1
812334	producer	HitEvent	1528	1
812666	consumer	HitEvent	2	0
813001	producer	HitEvent	237	1
813334	producer	HitEvent	790	1
813667	producer	HitEvent	107	1
814001	producer	HitEvent	1239	1
814334	producer	HitEvent	259	1
814667	producer	HitEvent	19459	1
815001	producer	HitEvent	25411	1
815333	consumer	HitEvent	4	0
815667	producer	HitEvent	741	1
815999	consumer	HitEvent	1	0
816334	producer	HitEvent	14673	1
816667	producer	HitEvent	650	1
817001	producer	HitEvent	108	1
817334	producer	HitEvent	16287	1
817667	producer	HitEvent	4660	1
817999	consumer	HitEvent	3	0
818334	producer	HitEvent	67771	1
818667	producer	HitEvent	325	1
819001	producer	HitEvent	327	1
819333	consumer	HitEvent	1	0
819667	producer	HitEvent	114	1
820001	producer	HitEvent	2422	1
820334	producer	HitEvent	102	1
820667	producer	HitEvent	21084	1
821001	producer	HitEvent	18447	1
821333	consumer	HitEvent	1	0
821667	producer	HitEvent	21691	1
821999	consumer	HitEvent	7	0
822334	producer	HitEvent	353	1
822666	consumer	HitEvent	245	0
822999	consumer	HitEvent	1	0
823334	producer	HitEvent	50	1
823667	producer	HitEvent	82	1
824001	producer	HitEvent	2410	1
824333	consumer	HitEvent	3	0
824667	producer	HitEvent	68	1
824999	consumer	HitEvent	2	0
825334	producer	HitEvent	203	1
825667	producer	HitEvent	25595	1
826001	producer	HitEvent	11355	1
826334	producer	HitEvent	1100	1
826667	producer	HitEvent	474	1
827001	producer	HitEvent	19946	1
827334	producer	HitEvent	163	1
827667	producer	HitEvent	6469	1
827999	consumer	HitEvent	4	0
828333	consumer	HitEvent	37	0
828666	consumer	HitEvent	3	0
829001	producer	HitEvent	430	1
829334	producer	HitEvent	17228	1
829667	producer	HitEvent	14580	1
830001	producer	HitEvent	473	1
830334	producer	HitEvent	29	1
830667	producer	HitEvent	692	1
831001	producer	HitEvent	247	1
831334	producer	HitEvent	16	1
831667	producer	HitEvent	3603	1
832001	producer	HitEvent	5318	1
832334	producer	HitEvent	15	1
832667	producer	HitEvent	6	1
833001	producer	HitEvent	3017	1
833334	producer	HitEvent	26704	1
833667	producer	HitEvent	9618	1
834001	producer	HitEvent	22571	1
834333	consumer	HitEvent	8	0
834667	producer	HitEvent	3755	1
835001	producer	HitEvent	5600	1
835334	producer	HitEvent	1508	1
835667	producer	HitEvent	38194	1
836001	producer	HitEvent	21	1
836334	producer	HitEvent	99	1
836667	producer	HitEvent	13	1
837001	producer	HitEvent	700	1
837334	producer	HitEvent	4756	1
837666	consumer	HitEvent	1	0
837999	consumer	HitEvent	3	0
838333	consumer	HitEvent	11	0
838666	consumer	HitEvent	68	0
839001	producer	HitEvent	19823	1
839334	producer	HitEvent	9245	1
839666	consumer	HitEvent	4	0
839999	consumer	HitEvent	1	0
840334	producer	HitEvent	24339	1
840667	producer	HitEvent	810	1
841001	producer	HitEvent	10	1
841334	producer	HitEvent	12817	1
841667	producer	HitEvent	1352	1
842001	producer	HitEvent	2306	1
842333	consumer	HitEvent	1	0
842667	producer	HitEvent	15100	1
842999	consumer	HitEvent	1	0
843333	consumer	HitEvent	1	0
843667	producer	HitEvent	3432	1
844001	producer	HitEvent	30937	1
844333	consumer	HitEvent	1	0
844667	producer	HitEvent	41419	1
845001	producer	HitEvent	32	1
845333	consumer	HitEvent	1	0
845666	consumer	HitEvent	3	0
845999	consumer	HitEvent	1	0
846333	consumer	HitEvent	6	0
846666	consumer	HitEvent	1	0
846999	consumer	HitEvent	4	0
847334	producer	HitEvent	95357	1
847667	producer	HitEvent	462	1
848001	producer	HitEvent	511	1
848334	producer	HitEvent	7928	1
848667	producer	HitEvent	9778	1
849001	producer	HitEvent	410	1
849333	consumer	HitEvent	1	0
849667	producer	HitEvent	69	1
850001	producer	HitEvent	5	1
850333	consumer	HitEvent	21	0
850667	producer	HitEvent	18786	1
850999	consumer	HitEvent	1	0
851334	producer	HitEvent	2733	1
851666	consumer	HitEvent	1	0
852001	producer	HitEvent	867	1
852333	consumer	HitEvent	8	0
852666	consumer	HitEvent	13	0
853001	producer	HitEvent	1782	1
853333	consumer	HitEvent	2	0
853667	producer	HitEvent	23198	1
854001	producer	HitEvent	186	1
854333	consumer	HitEvent	10	0
854666	consumer	HitEvent	2	0
855001	producer	HitEvent	26	1
855334	producer	HitEvent	39	1
855667	producer	HitEvent	484	1
856001	producer	HitEvent	495	1
856334	producer	HitEvent	1423	1
856667	producer	HitEvent	1219	1
857001	producer	HitEvent	22	1
857334	producer	HitEvent	5212	1
857666	consumer	HitEvent	1	0
858001	producer	HitEvent	229	1
858334	producer	HitEvent	26861	1
858666	consumer	HitEvent	102	0
859001	producer	HitEvent	73	1
859334	producer	HitEvent	10676	1
859667	producer	HitEvent	140	1
860001	producer	HitEvent	169	1
860334	producer	HitEvent	3986	1
860667	producer	HitEvent	23360	1
861001	producer	HitEvent	60	1
861334	producer	HitEvent	47943	1
861666	consumer	HitEvent	1	0
861999	consumer	HitEvent	3	0
862334	producer	HitEvent	56	1
862666	consumer	HitEvent	1	0
862999	consumer	HitEvent	1	0
863334	producer	HitEvent	963	1
863666	consumer	HitEvent	1	0
863999	consumer	HitEvent	1	0
864334	producer	HitEvent	1743	1
864666	consumer	HitEvent	8	0
864999	consumer	HitEvent	3	0
865334	producer	HitEvent	44	1
865667	producer	HitEvent	12	1
866001	producer	HitEvent	1796	1
866334	producer	HitEvent	126	1
866666	consumer	HitEvent	6	0
866999	consumer	HitEvent	3	0
867333	consumer	HitEvent	11	0
867667	producer	HitEvent	40	1
868001	producer	HitEvent	4184	1
868333	consumer	HitEvent	2	0
868666	consumer	HitEvent	6	0
869001	producer	HitEvent	81	1
869333	consumer	HitEvent	4	0
869667	producer	HitEvent	381	1
870001	producer	HitEvent	326	1
870333	consumer	HitEvent	1	0
870666	consumer	HitEvent	2	0
871001	producer	HitEvent	200	1
871334	producer	HitEvent	6286	1
871667	producer	HitEvent	1886	1
871999	consumer	HitEvent	1	0
872333	consumer	HitEvent	40	0
872666	consumer	HitEvent	1	0
872999	consumer	HitEvent	39	0
873333	consumer	HitEvent	4	0
873667	producer	HitEvent	44410	1
874001	producer	HitEvent	36136	1
874334	producer	HitEvent	7	1
874667	producer	HitEvent	195	1
875001	producer	HitEvent	14894	1
875333	consumer	HitEvent	2	0
875667	producer	HitEvent	2562	1
875999	consumer	HitEvent	1	0
876334	producer	HitEvent	855	1
876666	consumer	HitEvent	1	0
877001	producer	HitEvent	66963	1
877333	consumer	HitEvent	56	0
877667	producer	HitEvent	3980	1
877999	consumer	HitEvent	3	0
878334	producer	HitEvent	285	1
878667	producer	HitEvent	58	1
879001	producer	HitEvent	3288	1
879334	producer	HitEvent	24521	1
879666	consumer	HitEvent	1	0
880001	producer	HitEvent	87	1
880333	consumer	HitEvent	3	0
880667	producer	HitEvent	99262	1
881001	producer	HitEvent	18	1
881333	consumer	HitEvent	21	0
881667	producer	HitEvent	306	1
882001	producer	HitEvent	5041	1
882334	producer	HitEvent	95	1
882666	consumer	HitEvent	1	0
883001	producer	HitEvent	3052	1
883334	producer	HitEvent	437	1
883667	producer	HitEvent	1736	1
884001	producer	HitEvent	2444	1
884334	producer	HitEvent	12187	1
884667	producer	HitEvent	1777	1
884999	consumer	HitEvent	40	0
885334	producer	HitEvent	9	1
885667	producer	HitEvent	715	1
886001	producer	HitEvent	6573	1
886334	producer	HitEvent	47080	1
886666	consumer	HitEvent	11	0
887001	producer	HitEvent	205	1
887334	producer	HitEvent	55	1
887667	producer	HitEvent	288	1
888001	producer	HitEvent	207	1
888334	producer	HitEvent	147	1
888667	producer	HitEvent	842	1
889001	producer	HitEvent	4226	1
889334	producer	HitEvent	782	1
889667	producer	HitEvent	180	1
889999	consumer	HitEvent	4	0
890334	producer	HitEvent	4096	1
890667	producer	HitEvent	497	1
891001	producer	HitEvent	38	1
891334	producer	HitEvent	23403	1
891667	producer	HitEvent	78	1
892001	producer	HitEvent	1265	1
892334	producer	HitEvent	16	1
892667	producer	HitEvent	2680	1
892999	consumer	HitEvent	5	0
893334	producer	HitEvent	1312	1
893667	producer	HitEvent	5725	1
894001	producer	HitEvent	1899	1
894334	producer	HitEvent	190	1
894666	consumer	HitEvent	12	0
894999	consumer	HitEvent	5	0
895334	producer	HitEvent	314	1
895667	producer	HitEvent	137	1
895999	consumer	HitEvent	1	0
896334	producer	HitEvent	498	1
896667	producer	HitEvent	27	1
897001	producer	HitEvent	67589	1
897334	producer	HitEvent	7198	1
897666	consumer	HitEvent	8	0
897999	consumer	HitEvent	1	0
898333	consumer	HitEvent	5	0
898667	producer	HitEvent	192	1
899001	producer	HitEvent	3635	1
899333	consumer	HitEvent	9	0
899667	producer	HitEvent	379	1
900001	producer	HitEvent	32543	1
900334	producer	HitEvent	24	1
900667	producer	HitEvent	19	1
900999	consumer	HitEvent	1	0
901333	consumer	HitEvent	1	0
901667	producer	HitEvent	692	1
902001	producer	HitEvent	2034	1
902334	producer	HitEvent	2668	1
902667	producer	HitEvent	12815	1
903001	producer	HitEvent	2258	1
903334	producer	HitEvent	8149	1
903666	consumer	HitEvent	4	0
904001	producer	HitEvent	72	1
904334	producer	HitEvent	84	1
904667	producer	HitEvent	1096	1
905001	producer	HitEvent	45	1
905333	consumer	HitEvent	5	0
905666	consumer	HitEvent	1	0
906001	producer	HitEvent	15617	1
906334	producer	HitEvent	9218	1
906666	consumer	HitEvent	9	0
907001	producer	HitEvent	26	1
907333	consumer	HitEvent	3	0
907667	producer	HitEvent	3771	1
908001	producer	HitEvent	15	1
908334	producer	HitEvent	81946	1
908667	producer	HitEvent	5564	1
909001	producer	HitEvent	1058	1
909334	producer	HitEvent	25060	1
909667	producer	HitEvent	278	1
909999	consumer	HitEvent	12	0
910334	producer	HitEvent	6291	1
910667	producer	HitEvent	33	1
911001	producer	HitEvent	6370	1
911334	producer	HitEvent	6	1
911667	producer	HitEvent	3789	1
912001	producer	HitEvent	49026	1
912333	consumer	HitEvent	1	0
912667	producer	HitEvent	12600	1
912999	consumer	HitEvent	12	0
913333	consumer	HitEvent	3	0
913667	producer	HitEvent	2080	1
913999	consumer	HitEvent	8	0
914334	producer	HitEvent	4457	1
914666	consumer	HitEvent	3	0
915001	producer	HitEvent	2753	1
915334	producer	HitEvent	2164	1
915667	producer	HitEvent	1256	1
916001	producer	HitEvent	2125	1
916334	producer	HitEvent	126	1
916666	consumer	HitEvent	5	0
916999	consumer	HitEvent	3	0
917333	consumer	HitEvent	16	0
917667	producer	HitEvent	358	1
918001	producer	HitEvent	53	1
918334	producer	HitEvent	6364	1
918666	consumer	HitEvent	1	0
918999	consumer	HitEvent	9	0
919333	consumer	HitEvent	15	0
919666	consumer	HitEvent	5	0
920001	producer	HitEvent	482	1
920334	producer	HitEvent	18200	1
920667	producer	HitEvent	929	1
921001	producer	HitEvent	35421	1
921334	producer	HitEvent	8997	1
921667	producer	HitEvent	144	1
922001	producer	HitEvent	6103	1
922333	consumer	HitEvent	11	0
922666	consumer	HitEvent	33	0
923001	producer	HitEvent	40242	1
923334	producer	HitEvent	245	1
923667	producer	HitEvent	1271	1
923999	consumer	HitEvent	1	0
924334	producer	HitEvent	459	1
924667	producer	HitEvent	7270	1
924999	consumer	HitEvent	4	0
925334	producer	HitEvent	725	1
925666	consumer	HitEvent	1	0
926001	producer	HitEvent	14885	1
926334	producer	HitEvent	42917	1
926667	producer	HitEvent	490	1
927001	producer	HitEvent	1985	1
927334	producer	HitEvent	22785	1
927666	consumer	HitEvent	4	0
927999	consumer	HitEvent	11	0
928334	producer	HitEvent	67792	1
928667	producer	HitEvent	95	1
929001	producer	HitEvent	18611	1
929334	producer	HitEvent	339	1
929666	consumer	HitEvent	3	0
930001	producer	HitEvent	2169	1
930333	consumer	HitEvent	1	0
930667	producer	HitEvent	20	1
930999	consumer	HitEvent	3	0
931333	consumer	HitEvent	1	0
931666	consumer	HitEvent	1	0
932001	producer	HitEvent	2	1
932334	producer	HitEvent	26450	1
932667	producer	HitEvent	429	1
933001	producer	HitEvent	13	1
933333	consumer	HitEvent	2	0
933666	consumer	HitEvent	1	0
933999	consumer	HitEvent	9	0
934333	consumer	HitEvent	1	0
934666	consumer	HitEvent	9	0
935001	producer	HitEvent	97	1
935334	producer	HitEvent	3610	1
935667	producer	HitEvent	608	1
936001	producer	HitEvent	25489	1
936333	consumer	HitEvent	1	0
936666	consumer	HitEvent	4	0
937001	producer	HitEvent	1214	1
937333	consumer	HitEvent	3	0
937666	consumer	HitEvent	1	0
938001	producer	HitEvent	6830	1
938334	producer	HitEvent	1406	1
938667	producer	HitEvent	7996	1
939001	producer	HitEvent	78	1
939334	producer	HitEvent	412	1
939667	producer	HitEvent	84789	1
940001	producer	HitEvent	20871	1
940334	producer	HitEvent	88799	1
940667	producer	HitEvent	2213	1
941001	producer	HitEvent	54842	1
941334	producer	HitEvent	7	1
941667	producer	HitEvent	3579	1
942001	producer	HitEvent	3505	1
942334	producer	HitEvent	115	1
942666	consumer	HitEvent	1	0
943001	producer	HitEvent	4111	1
943334	producer	HitEvent	4164	1
943666	consumer	HitEvent	1	0
944001	producer	HitEvent	4367	1
944334	producer	HitEvent	38	1
944667	producer	HitEvent	22637	1
944999	consumer	HitEvent	7	0
945334	producer	HitEvent	42	1
945667	producer	HitEvent	73	1
946001	producer	HitEvent	2151	1
946334	producer	HitEvent	1184	1
946667	producer	HitEvent	63500	1
946999	consumer	HitEvent	5	0
947334	producer	HitEvent	29009	1
947667	producer	HitEvent	122	1
948001	producer	HitEvent	1604	1
948334	producer	HitEvent	2182	1
948667	producer	HitEvent	4130	1
949001	producer	HitEvent	61	1
949334	producer	HitEvent	2047	1
949667	producer	HitEvent	22802	1
949999	consumer	HitEvent	3	0
950334	producer	HitEvent	1156	1
950667	producer	HitEvent	1832	1
951001	producer	HitEvent	2704	1
951334	producer	HitEvent	668	1
951667	producer	HitEvent	10	1
952001	producer	HitEvent	35910	1
952333	consumer	HitEvent	9	0
952667	producer	HitEvent	8165	1
952999	consumer	HitEvent	5	0
953334	producer	HitEvent	57715	1
953667	producer	HitEvent	19326	1
954001	producer	HitEvent	28	1
954334	producer	HitEvent	35604	1
954667	producer	HitEvent	56	1
954999	consumer	HitEvent	3	0
955334	producer	HitEvent	7704	1
955666	consumer	HitEvent	1	0
956001	producer	HitEvent	9724	1
956334	producer	HitEvent	28603	1
956667	producer	HitEvent	5916	1
957001	producer	HitEvent	20680	1
957334	producer	HitEvent	67	1
957667	producer	HitEvent	4051	1
957999	consumer	HitEvent	1	0
958334	producer	HitEvent	2219	1
958667	producer	HitEvent	5314	1
959001	producer	HitEvent	3116	1
959334	producer	HitEvent	40	1
959667	producer	HitEvent	379	1
960001	producer	HitEvent	2471	1
960334	producer	HitEvent	915	1
960667	producer	HitEvent	8	1
961001	producer	HitEvent	25	1
961334	producer	HitEvent	27	1
961667	producer	HitEvent	1519	1
962001	producer	HitEvent	6316	1
962334	producer	HitEvent	8258	1
962667	producer	HitEvent	1236	1
963001	producer	HitEvent	585	1
963334	producer	HitEvent	318	1
963667	producer	HitEvent	66821	1
964001	producer	HitEvent	4712	1
964333	consumer	HitEvent	4	0
964667	producer	HitEvent	3205	1
965001	producer	HitEvent	19	1
965333	consumer	HitEvent	42	0
965667	producer	HitEvent	62	1
965999	consumer	HitEvent	78	0
966334	producer	HitEvent	58644	1
966666	consumer	HitEvent	1	0
966999	consumer	HitEvent	1	0
967334	producer	HitEvent	23	1
967667	producer	HitEvent	1840	1
968001	producer	HitEvent	1034	1
968334	producer	HitEvent	84	1
968667	producer	HitEvent	154	1
969001	producer	HitEvent	6	1
969334	producer	HitEvent	931	1
969666	consumer	HitEvent	6	0
969999	consumer	HitEvent	1	0
970334	producer	HitEvent	2780	1
970667	producer	HitEvent	19769	1
971001	producer	HitEvent	43377	1
971333	consumer	HitEvent	8	0
971667	producer	HitEvent	47	1
972001	producer	HitEvent	155	1
972334	producer	HitEvent	39377	1
972667	producer	HitEvent	92547	1
973001	producer	HitEvent	18653	1
973334	producer	HitEvent	15403	1
973667	producer	HitEvent	46227	1
974001	producer	HitEvent	1468	1
974334	producer	HitEvent	58	1
974667	producer	HitEvent	11507	1
975001	producer	HitEvent	795	1
975334	producer	HitEvent	7415	1
975667	producer	HitEvent	394	1
976001	producer	HitEvent	150	1
976334	producer	HitEvent	449	1
976666	consumer	HitEvent	1	0
976999	consumer	HitEvent	1	0
977334	producer	HitEvent	1341	1
977667	producer	HitEvent	58150	1
978001	producer	HitEvent	441	1
978334	producer	HitEvent	619	1
978667	producer	HitEvent	19594	1
978999	consumer	HitEvent	1	0
979334	producer	HitEvent	2821	1
979666	consumer	HitEvent	4	0
980001	producer	HitEvent	162	1
980333	consumer	HitEvent	1	0
980667	producer	HitEvent	56516	1
980999	consumer	HitEvent	1	0
981334	producer	HitEvent	2197	1
981666	consumer	HitEvent	4	0
981999	consumer	HitEvent	1	0
982333	consumer	HitEvent	1	0
982667	producer	HitEvent	31	1
983001	producer	HitEvent	30727	1
983334	producer	HitEvent	16174	1
983667	producer	HitEvent	11	1
984001	producer	HitEvent	32	1
984334	producer	HitEvent	75485	1
984667	producer	HitEvent	12672	1
985001	producer	HitEvent	118	1
985334	producer	HitEvent	8159	1
985666	consumer	HitEvent	5	0
986001	producer	HitEvent	41	1
986334	producer	HitEvent	86	1
986667	producer	HitEvent	7	1
987001	producer	HitEvent	521	1
987333	consumer	HitEvent	1	0
987666	consumer	HitEvent	3	0
988001	producer	HitEvent	12	1
988334	producer	HitEvent	175	1
988667	producer	HitEvent	5080	1
988999	consumer	HitEvent	6	0
989334	producer	HitEvent	2399	1
989667	producer	HitEvent	235	1
990001	producer	HitEvent	15058	1
990334	producer	HitEvent	338	1
990667	producer	HitEvent	112	1
990999	consumer	HitEvent	32	0
991333	consumer	HitEvent	5	0
991667	producer	HitEvent	262	1
992001	producer	HitEvent	23205	1
992333	consumer	HitEvent	3	0
992666	consumer	HitEvent	3	0
992999	consumer	HitEvent	8	0
993334	producer	HitEvent	912	1
993667	producer	HitEvent	97	1
993999	consumer	HitEvent	1	0
994333	consumer	HitEvent	4	0
994667	producer	HitEvent	64796	1
994999	consumer	HitEvent	5	0
995334	producer	HitEvent	5530	1
995667	producer	HitEvent	8899	1
996001	producer	HitEvent	804	1
996334	producer	HitEvent	661	1
996667	producer	HitEvent	26220	1
997001	producer	HitEvent	508	1
997334	producer	HitEvent	5871	1
997667	producer	HitEvent	136	1
997999	consumer	HitEvent	6	0
998333	consumer	HitEvent	1	0
998667	producer	HitEvent	85	1
999001	producer	HitEvent	24	1
999333	consumer	HitEvent	1	0
999667	producer	HitEvent	195	1
